0 info it worked if it ends with ok
1 verbose cli [ '/usr/local/bin/node',
1 verbose cli   '/usr/local/bin/npm',
1 verbose cli   'install',
1 verbose cli   '-g',
1 verbose cli   'bower',
1 verbose cli   'grunt-cli' ]
2 info using npm@3.10.8
3 info using node@v6.9.1
4 silly loadCurrentTree Starting
5 silly install loadCurrentTree
6 silly install readGlobalPackageData
7 silly fetchPackageMetaData bower
8 silly fetchPackageMetaData grunt-cli
9 silly fetchNamedPackageData bower
10 silly mapToRegistry name bower
11 silly mapToRegistry using default registry
12 silly mapToRegistry registry https://registry.npmjs.org/
13 silly mapToRegistry data Result {
13 silly mapToRegistry   raw: 'bower',
13 silly mapToRegistry   scope: null,
13 silly mapToRegistry   escapedName: 'bower',
13 silly mapToRegistry   name: 'bower',
13 silly mapToRegistry   rawSpec: '',
13 silly mapToRegistry   spec: 'latest',
13 silly mapToRegistry   type: 'tag' }
14 silly mapToRegistry uri https://registry.npmjs.org/bower
15 silly fetchNamedPackageData grunt-cli
16 silly mapToRegistry name grunt-cli
17 silly mapToRegistry using default registry
18 silly mapToRegistry registry https://registry.npmjs.org/
19 silly mapToRegistry data Result {
19 silly mapToRegistry   raw: 'grunt-cli',
19 silly mapToRegistry   scope: null,
19 silly mapToRegistry   escapedName: 'grunt-cli',
19 silly mapToRegistry   name: 'grunt-cli',
19 silly mapToRegistry   rawSpec: '',
19 silly mapToRegistry   spec: 'latest',
19 silly mapToRegistry   type: 'tag' }
20 silly mapToRegistry uri https://registry.npmjs.org/grunt-cli
21 verbose request uri https://registry.npmjs.org/bower
22 verbose request no auth needed
23 info attempt registry request try #1 at 9:36:23 PM
24 verbose request id 33a5602fff06c82e
25 http request GET https://registry.npmjs.org/bower
26 verbose request uri https://registry.npmjs.org/grunt-cli
27 verbose request no auth needed
28 info attempt registry request try #1 at 9:36:23 PM
29 verbose etag W/"585d70b7-7e06"
30 verbose lastModified Fri, 23 Dec 2016 18:45:11 GMT
31 http request GET https://registry.npmjs.org/grunt-cli
32 http 200 https://registry.npmjs.org/grunt-cli
33 verbose headers { server: 'nginx/1.10.1',
33 verbose headers   'content-type': 'application/json',
33 verbose headers   'last-modified': 'Sat, 31 Dec 2016 10:08:19 GMT',
33 verbose headers   etag: 'W/"58678393-7e2a"',
33 verbose headers   'content-encoding': 'gzip',
33 verbose headers   'cache-control': 'max-age=300',
33 verbose headers   'content-length': '5363',
33 verbose headers   'accept-ranges': 'bytes',
33 verbose headers   date: 'Tue, 03 Jan 2017 05:36:12 GMT',
33 verbose headers   via: '1.1 varnish',
33 verbose headers   age: '262',
33 verbose headers   connection: 'keep-alive',
33 verbose headers   'x-served-by': 'cache-lax8625-LAX',
33 verbose headers   'x-cache': 'HIT',
33 verbose headers   'x-cache-hits': '1',
33 verbose headers   'x-timer': 'S1483421772.611615,VS0,VE0',
33 verbose headers   vary: 'Accept-Encoding' }
34 silly get cb [ 200,
34 silly get   { server: 'nginx/1.10.1',
34 silly get     'content-type': 'application/json',
34 silly get     'last-modified': 'Sat, 31 Dec 2016 10:08:19 GMT',
34 silly get     etag: 'W/"58678393-7e2a"',
34 silly get     'content-encoding': 'gzip',
34 silly get     'cache-control': 'max-age=300',
34 silly get     'content-length': '5363',
34 silly get     'accept-ranges': 'bytes',
34 silly get     date: 'Tue, 03 Jan 2017 05:36:12 GMT',
34 silly get     via: '1.1 varnish',
34 silly get     age: '262',
34 silly get     connection: 'keep-alive',
34 silly get     'x-served-by': 'cache-lax8625-LAX',
34 silly get     'x-cache': 'HIT',
34 silly get     'x-cache-hits': '1',
34 silly get     'x-timer': 'S1483421772.611615,VS0,VE0',
34 silly get     vary: 'Accept-Encoding' } ]
35 verbose get saving grunt-cli to /Users/jeffwolfram/.npm/registry.npmjs.org/grunt-cli/.cache.json
36 verbose correctMkdir /Users/jeffwolfram/.npm correctMkdir not in flight; initializing
37 http 200 https://registry.npmjs.org/bower
38 verbose headers { server: 'nginx/1.10.1',
38 verbose headers   'content-type': 'application/json',
38 verbose headers   'last-modified': 'Mon, 02 Jan 2017 06:19:49 GMT',
38 verbose headers   etag: 'W/"5869f105-2ac9b"',
38 verbose headers   'content-encoding': 'gzip',
38 verbose headers   'cache-control': 'max-age=300',
38 verbose headers   'content-length': '16356',
38 verbose headers   'accept-ranges': 'bytes',
38 verbose headers   date: 'Tue, 03 Jan 2017 05:36:12 GMT',
38 verbose headers   via: '1.1 varnish',
38 verbose headers   age: '182',
38 verbose headers   connection: 'keep-alive',
38 verbose headers   'x-served-by': 'cache-lax8633-LAX',
38 verbose headers   'x-cache': 'HIT',
38 verbose headers   'x-cache-hits': '1',
38 verbose headers   'x-timer': 'S1483421772.611885,VS0,VE0',
38 verbose headers   vary: 'Accept-Encoding' }
39 silly get cb [ 200,
39 silly get   { server: 'nginx/1.10.1',
39 silly get     'content-type': 'application/json',
39 silly get     'last-modified': 'Mon, 02 Jan 2017 06:19:49 GMT',
39 silly get     etag: 'W/"5869f105-2ac9b"',
39 silly get     'content-encoding': 'gzip',
39 silly get     'cache-control': 'max-age=300',
39 silly get     'content-length': '16356',
39 silly get     'accept-ranges': 'bytes',
39 silly get     date: 'Tue, 03 Jan 2017 05:36:12 GMT',
39 silly get     via: '1.1 varnish',
39 silly get     age: '182',
39 silly get     connection: 'keep-alive',
39 silly get     'x-served-by': 'cache-lax8633-LAX',
39 silly get     'x-cache': 'HIT',
39 silly get     'x-cache-hits': '1',
39 silly get     'x-timer': 'S1483421772.611885,VS0,VE0',
39 silly get     vary: 'Accept-Encoding' } ]
40 verbose get saving bower to /Users/jeffwolfram/.npm/registry.npmjs.org/bower/.cache.json
41 verbose correctMkdir /Users/jeffwolfram/.npm correctMkdir not in flight; initializing
42 silly install normalizeTree
43 silly loadCurrentTree Finishing
44 silly loadIdealTree Starting
45 silly install loadIdealTree
46 silly cloneCurrentTree Starting
47 silly install cloneCurrentTreeToIdealTree
48 silly cloneCurrentTree Finishing
49 silly loadShrinkwrap Starting
50 silly install loadShrinkwrap
51 silly loadShrinkwrap Finishing
52 silly loadAllDepsIntoIdealTree Starting
53 silly install loadAllDepsIntoIdealTree
54 silly resolveWithNewModule grunt-cli@1.2.0 checking installable status
55 silly cache add args [ 'grunt-cli', null ]
56 verbose cache add spec grunt-cli
57 silly resolveWithNewModule bower@1.8.0 checking installable status
58 silly cache add args [ 'bower', null ]
59 verbose cache add spec bower
60 silly cache add parsed spec Result {
60 silly cache add   raw: 'grunt-cli',
60 silly cache add   scope: null,
60 silly cache add   escapedName: 'grunt-cli',
60 silly cache add   name: 'grunt-cli',
60 silly cache add   rawSpec: '',
60 silly cache add   spec: 'latest',
60 silly cache add   type: 'tag' }
61 silly addNamed grunt-cli@latest
62 verbose addNamed "latest" is being treated as a dist-tag for grunt-cli
63 info addNameTag [ 'grunt-cli', 'latest' ]
64 silly mapToRegistry name grunt-cli
65 silly mapToRegistry using default registry
66 silly mapToRegistry registry https://registry.npmjs.org/
67 silly mapToRegistry data Result {
67 silly mapToRegistry   raw: 'grunt-cli',
67 silly mapToRegistry   scope: null,
67 silly mapToRegistry   escapedName: 'grunt-cli',
67 silly mapToRegistry   name: 'grunt-cli',
67 silly mapToRegistry   rawSpec: '',
67 silly mapToRegistry   spec: 'latest',
67 silly mapToRegistry   type: 'tag' }
68 silly mapToRegistry uri https://registry.npmjs.org/grunt-cli
69 verbose addNameTag registry:https://registry.npmjs.org/grunt-cli not in flight; fetching
70 silly cache add parsed spec Result {
70 silly cache add   raw: 'bower',
70 silly cache add   scope: null,
70 silly cache add   escapedName: 'bower',
70 silly cache add   name: 'bower',
70 silly cache add   rawSpec: '',
70 silly cache add   spec: 'latest',
70 silly cache add   type: 'tag' }
71 silly addNamed bower@latest
72 verbose addNamed "latest" is being treated as a dist-tag for bower
73 info addNameTag [ 'bower', 'latest' ]
74 silly mapToRegistry name bower
75 silly mapToRegistry using default registry
76 silly mapToRegistry registry https://registry.npmjs.org/
77 silly mapToRegistry data Result {
77 silly mapToRegistry   raw: 'bower',
77 silly mapToRegistry   scope: null,
77 silly mapToRegistry   escapedName: 'bower',
77 silly mapToRegistry   name: 'bower',
77 silly mapToRegistry   rawSpec: '',
77 silly mapToRegistry   spec: 'latest',
77 silly mapToRegistry   type: 'tag' }
78 silly mapToRegistry uri https://registry.npmjs.org/bower
79 verbose addNameTag registry:https://registry.npmjs.org/bower not in flight; fetching
80 verbose get https://registry.npmjs.org/grunt-cli not expired, no request
81 silly addNameTag next cb for grunt-cli with tag latest
82 silly addNamed grunt-cli@1.2.0
83 verbose addNamed "1.2.0" is a plain semver version for grunt-cli
84 verbose get https://registry.npmjs.org/bower not expired, no request
85 silly addNameTag next cb for bower with tag latest
86 silly addNamed bower@1.8.0
87 verbose addNamed "1.8.0" is a plain semver version for bower
88 silly mapToRegistry name bower
89 silly mapToRegistry using default registry
90 silly mapToRegistry registry https://registry.npmjs.org/
91 silly mapToRegistry data Result {
91 silly mapToRegistry   raw: 'bower',
91 silly mapToRegistry   scope: null,
91 silly mapToRegistry   escapedName: 'bower',
91 silly mapToRegistry   name: 'bower',
91 silly mapToRegistry   rawSpec: '',
91 silly mapToRegistry   spec: 'latest',
91 silly mapToRegistry   type: 'tag' }
92 silly mapToRegistry uri https://registry.npmjs.org/bower
93 verbose addRemoteTarball https://registry.npmjs.org/bower/-/bower-1.8.0.tgz not in flight; adding
94 verbose addRemoteTarball [ 'https://registry.npmjs.org/bower/-/bower-1.8.0.tgz',
94 verbose addRemoteTarball   '55dbebef0ad9155382d9e9d3e497c1372345b44a' ]
95 silly cache afterAdd grunt-cli@1.2.0
96 verbose afterAdd /Users/jeffwolfram/.npm/grunt-cli/1.2.0/package/package.json not in flight; writing
97 verbose correctMkdir /Users/jeffwolfram/.npm correctMkdir not in flight; initializing
98 info retry fetch attempt 1 at 9:36:23 PM
99 info attempt registry request try #1 at 9:36:23 PM
100 http fetch GET https://registry.npmjs.org/bower/-/bower-1.8.0.tgz
101 verbose afterAdd /Users/jeffwolfram/.npm/grunt-cli/1.2.0/package/package.json written
102 http fetch 200 https://registry.npmjs.org/bower/-/bower-1.8.0.tgz
103 silly fetchAndShaCheck shasum 55dbebef0ad9155382d9e9d3e497c1372345b44a
104 verbose addTmpTarball /var/folders/p9/5vjc_sjd05b94mb1703x13580000gn/T/npm-25116-4e60a7ed/registry.npmjs.org/bower/-/bower-1.8.0.tgz not in flight; adding
105 verbose addTmpTarball already have metadata; skipping unpack for bower@1.8.0
106 verbose correctMkdir /Users/jeffwolfram/.npm correctMkdir not in flight; initializing
107 silly cache afterAdd bower@1.8.0
108 verbose afterAdd /Users/jeffwolfram/.npm/bower/1.8.0/package/package.json not in flight; writing
109 verbose correctMkdir /Users/jeffwolfram/.npm correctMkdir not in flight; initializing
110 verbose afterAdd /Users/jeffwolfram/.npm/bower/1.8.0/package/package.json written
111 silly fetchNamedPackageData findup-sync
112 silly mapToRegistry name findup-sync
113 silly mapToRegistry using default registry
114 silly mapToRegistry registry https://registry.npmjs.org/
115 silly mapToRegistry data Result {
115 silly mapToRegistry   raw: 'findup-sync',
115 silly mapToRegistry   scope: null,
115 silly mapToRegistry   escapedName: 'findup-sync',
115 silly mapToRegistry   name: 'findup-sync',
115 silly mapToRegistry   rawSpec: '',
115 silly mapToRegistry   spec: 'latest',
115 silly mapToRegistry   type: 'tag' }
116 silly mapToRegistry uri https://registry.npmjs.org/findup-sync
117 silly fetchNamedPackageData grunt-known-options
118 silly mapToRegistry name grunt-known-options
119 silly mapToRegistry using default registry
120 silly mapToRegistry registry https://registry.npmjs.org/
121 silly mapToRegistry data Result {
121 silly mapToRegistry   raw: 'grunt-known-options',
121 silly mapToRegistry   scope: null,
121 silly mapToRegistry   escapedName: 'grunt-known-options',
121 silly mapToRegistry   name: 'grunt-known-options',
121 silly mapToRegistry   rawSpec: '',
121 silly mapToRegistry   spec: 'latest',
121 silly mapToRegistry   type: 'tag' }
122 silly mapToRegistry uri https://registry.npmjs.org/grunt-known-options
123 silly fetchNamedPackageData nopt
124 silly mapToRegistry name nopt
125 silly mapToRegistry using default registry
126 silly mapToRegistry registry https://registry.npmjs.org/
127 silly mapToRegistry data Result {
127 silly mapToRegistry   raw: 'nopt',
127 silly mapToRegistry   scope: null,
127 silly mapToRegistry   escapedName: 'nopt',
127 silly mapToRegistry   name: 'nopt',
127 silly mapToRegistry   rawSpec: '',
127 silly mapToRegistry   spec: 'latest',
127 silly mapToRegistry   type: 'tag' }
128 silly mapToRegistry uri https://registry.npmjs.org/nopt
129 silly fetchNamedPackageData resolve
130 silly mapToRegistry name resolve
131 silly mapToRegistry using default registry
132 silly mapToRegistry registry https://registry.npmjs.org/
133 silly mapToRegistry data Result {
133 silly mapToRegistry   raw: 'resolve',
133 silly mapToRegistry   scope: null,
133 silly mapToRegistry   escapedName: 'resolve',
133 silly mapToRegistry   name: 'resolve',
133 silly mapToRegistry   rawSpec: '',
133 silly mapToRegistry   spec: 'latest',
133 silly mapToRegistry   type: 'tag' }
134 silly mapToRegistry uri https://registry.npmjs.org/resolve
135 verbose request uri https://registry.npmjs.org/grunt-known-options
136 verbose request no auth needed
137 info attempt registry request try #1 at 9:36:24 PM
138 verbose etag W/"56f9e838-dcc"
139 verbose lastModified Tue, 29 Mar 2016 02:28:08 GMT
140 http request GET https://registry.npmjs.org/grunt-known-options
141 verbose request uri https://registry.npmjs.org/findup-sync
142 verbose request no auth needed
143 info attempt registry request try #1 at 9:36:24 PM
144 verbose etag W/"58552985-4ae2"
145 verbose lastModified Sat, 17 Dec 2016 12:03:17 GMT
146 http request GET https://registry.npmjs.org/findup-sync
147 verbose request uri https://registry.npmjs.org/nopt
148 verbose request no auth needed
149 info attempt registry request try #1 at 9:36:24 PM
150 verbose etag W/"58518ed2-84a2"
151 verbose lastModified Wed, 14 Dec 2016 18:26:26 GMT
152 http request GET https://registry.npmjs.org/nopt
153 verbose request uri https://registry.npmjs.org/resolve
154 verbose request no auth needed
155 info attempt registry request try #1 at 9:36:24 PM
156 verbose etag W/"58552958-b3a1"
157 verbose lastModified Sat, 17 Dec 2016 12:02:32 GMT
158 http request GET https://registry.npmjs.org/resolve
159 http 304 https://registry.npmjs.org/grunt-known-options
160 verbose headers { date: 'Tue, 03 Jan 2017 05:36:13 GMT',
160 verbose headers   via: '1.1 varnish',
160 verbose headers   'cache-control': 'max-age=300',
160 verbose headers   etag: 'W/"56f9e838-dcc"',
160 verbose headers   age: '182',
160 verbose headers   connection: 'keep-alive',
160 verbose headers   'x-served-by': 'cache-lax8633-LAX',
160 verbose headers   'x-cache': 'HIT',
160 verbose headers   'x-cache-hits': '1',
160 verbose headers   'x-timer': 'S1483421773.479128,VS0,VE0',
160 verbose headers   vary: 'Accept-Encoding' }
161 silly get cb [ 304,
161 silly get   { date: 'Tue, 03 Jan 2017 05:36:13 GMT',
161 silly get     via: '1.1 varnish',
161 silly get     'cache-control': 'max-age=300',
161 silly get     etag: 'W/"56f9e838-dcc"',
161 silly get     age: '182',
161 silly get     connection: 'keep-alive',
161 silly get     'x-served-by': 'cache-lax8633-LAX',
161 silly get     'x-cache': 'HIT',
161 silly get     'x-cache-hits': '1',
161 silly get     'x-timer': 'S1483421773.479128,VS0,VE0',
161 silly get     vary: 'Accept-Encoding' } ]
162 verbose etag https://registry.npmjs.org/grunt-known-options from cache
163 verbose get saving grunt-known-options to /Users/jeffwolfram/.npm/registry.npmjs.org/grunt-known-options/.cache.json
164 verbose correctMkdir /Users/jeffwolfram/.npm correctMkdir not in flight; initializing
165 http 304 https://registry.npmjs.org/findup-sync
166 verbose headers { date: 'Tue, 03 Jan 2017 05:36:13 GMT',
166 verbose headers   via: '1.1 varnish',
166 verbose headers   'cache-control': 'max-age=300',
166 verbose headers   etag: 'W/"58552985-4ae2"',
166 verbose headers   age: '281',
166 verbose headers   connection: 'keep-alive',
166 verbose headers   'x-served-by': 'cache-lax8625-LAX',
166 verbose headers   'x-cache': 'HIT',
166 verbose headers   'x-cache-hits': '2',
166 verbose headers   'x-timer': 'S1483421773.479491,VS0,VE0',
166 verbose headers   vary: 'Accept-Encoding' }
167 silly get cb [ 304,
167 silly get   { date: 'Tue, 03 Jan 2017 05:36:13 GMT',
167 silly get     via: '1.1 varnish',
167 silly get     'cache-control': 'max-age=300',
167 silly get     etag: 'W/"58552985-4ae2"',
167 silly get     age: '281',
167 silly get     connection: 'keep-alive',
167 silly get     'x-served-by': 'cache-lax8625-LAX',
167 silly get     'x-cache': 'HIT',
167 silly get     'x-cache-hits': '2',
167 silly get     'x-timer': 'S1483421773.479491,VS0,VE0',
167 silly get     vary: 'Accept-Encoding' } ]
168 verbose etag https://registry.npmjs.org/findup-sync from cache
169 verbose get saving findup-sync to /Users/jeffwolfram/.npm/registry.npmjs.org/findup-sync/.cache.json
170 verbose correctMkdir /Users/jeffwolfram/.npm correctMkdir not in flight; initializing
171 silly resolveWithNewModule grunt-known-options@1.1.0 checking installable status
172 silly cache add args [ 'grunt-known-options@~1.1.0', null ]
173 verbose cache add spec grunt-known-options@~1.1.0
174 silly cache add parsed spec Result {
174 silly cache add   raw: 'grunt-known-options@~1.1.0',
174 silly cache add   scope: null,
174 silly cache add   escapedName: 'grunt-known-options',
174 silly cache add   name: 'grunt-known-options',
174 silly cache add   rawSpec: '~1.1.0',
174 silly cache add   spec: '>=1.1.0 <1.2.0',
174 silly cache add   type: 'range' }
175 silly addNamed grunt-known-options@>=1.1.0 <1.2.0
176 verbose addNamed ">=1.1.0 <1.2.0" is a valid semver range for grunt-known-options
177 silly addNameRange { name: 'grunt-known-options',
177 silly addNameRange   range: '>=1.1.0 <1.2.0',
177 silly addNameRange   hasData: false }
178 silly mapToRegistry name grunt-known-options
179 silly mapToRegistry using default registry
180 silly mapToRegistry registry https://registry.npmjs.org/
181 silly mapToRegistry data Result {
181 silly mapToRegistry   raw: 'grunt-known-options',
181 silly mapToRegistry   scope: null,
181 silly mapToRegistry   escapedName: 'grunt-known-options',
181 silly mapToRegistry   name: 'grunt-known-options',
181 silly mapToRegistry   rawSpec: '',
181 silly mapToRegistry   spec: 'latest',
181 silly mapToRegistry   type: 'tag' }
182 silly mapToRegistry uri https://registry.npmjs.org/grunt-known-options
183 verbose addNameRange registry:https://registry.npmjs.org/grunt-known-options not in flight; fetching
184 silly resolveWithNewModule findup-sync@0.3.0 checking installable status
185 silly cache add args [ 'findup-sync@~0.3.0', null ]
186 verbose cache add spec findup-sync@~0.3.0
187 silly cache add parsed spec Result {
187 silly cache add   raw: 'findup-sync@~0.3.0',
187 silly cache add   scope: null,
187 silly cache add   escapedName: 'findup-sync',
187 silly cache add   name: 'findup-sync',
187 silly cache add   rawSpec: '~0.3.0',
187 silly cache add   spec: '>=0.3.0 <0.4.0',
187 silly cache add   type: 'range' }
188 silly addNamed findup-sync@>=0.3.0 <0.4.0
189 verbose addNamed ">=0.3.0 <0.4.0" is a valid semver range for findup-sync
190 silly addNameRange { name: 'findup-sync', range: '>=0.3.0 <0.4.0', hasData: false }
191 silly mapToRegistry name findup-sync
192 silly mapToRegistry using default registry
193 silly mapToRegistry registry https://registry.npmjs.org/
194 silly mapToRegistry data Result {
194 silly mapToRegistry   raw: 'findup-sync',
194 silly mapToRegistry   scope: null,
194 silly mapToRegistry   escapedName: 'findup-sync',
194 silly mapToRegistry   name: 'findup-sync',
194 silly mapToRegistry   rawSpec: '',
194 silly mapToRegistry   spec: 'latest',
194 silly mapToRegistry   type: 'tag' }
195 silly mapToRegistry uri https://registry.npmjs.org/findup-sync
196 verbose addNameRange registry:https://registry.npmjs.org/findup-sync not in flight; fetching
197 verbose get https://registry.npmjs.org/grunt-known-options not expired, no request
198 silly addNameRange number 2 { name: 'grunt-known-options',
198 silly addNameRange   range: '>=1.1.0 <1.2.0',
198 silly addNameRange   hasData: true }
199 silly addNameRange versions [ 'grunt-known-options', [ '1.0.0', '1.1.0' ] ]
200 silly addNamed grunt-known-options@1.1.0
201 verbose addNamed "1.1.0" is a plain semver version for grunt-known-options
202 verbose get https://registry.npmjs.org/findup-sync not expired, no request
203 silly addNameRange number 2 { name: 'findup-sync', range: '>=0.3.0 <0.4.0', hasData: true }
204 silly addNameRange versions [ 'findup-sync',
204 silly addNameRange   [ '0.1.0',
204 silly addNameRange     '0.1.1',
204 silly addNameRange     '0.1.2',
204 silly addNameRange     '0.1.3',
204 silly addNameRange     '0.2.0',
204 silly addNameRange     '0.2.1',
204 silly addNameRange     '0.3.0',
204 silly addNameRange     '0.4.0',
204 silly addNameRange     '0.4.1',
204 silly addNameRange     '0.4.2',
204 silly addNameRange     '0.4.3' ] ]
205 silly addNamed findup-sync@0.3.0
206 verbose addNamed "0.3.0" is a plain semver version for findup-sync
207 silly cache afterAdd grunt-known-options@1.1.0
208 verbose afterAdd /Users/jeffwolfram/.npm/grunt-known-options/1.1.0/package/package.json not in flight; writing
209 verbose correctMkdir /Users/jeffwolfram/.npm correctMkdir not in flight; initializing
210 silly cache afterAdd findup-sync@0.3.0
211 verbose afterAdd /Users/jeffwolfram/.npm/findup-sync/0.3.0/package/package.json not in flight; writing
212 verbose correctMkdir /Users/jeffwolfram/.npm correctMkdir not in flight; initializing
213 verbose afterAdd /Users/jeffwolfram/.npm/grunt-known-options/1.1.0/package/package.json written
214 verbose afterAdd /Users/jeffwolfram/.npm/findup-sync/0.3.0/package/package.json written
215 http 304 https://registry.npmjs.org/nopt
216 verbose headers { date: 'Tue, 03 Jan 2017 05:36:13 GMT',
216 verbose headers   via: '1.1 varnish',
216 verbose headers   'cache-control': 'max-age=300',
216 verbose headers   etag: 'W/"58518ed2-84a2"',
216 verbose headers   age: '218',
216 verbose headers   connection: 'keep-alive',
216 verbose headers   'x-served-by': 'cache-lax8622-LAX',
216 verbose headers   'x-cache': 'HIT',
216 verbose headers   'x-cache-hits': '3',
216 verbose headers   'x-timer': 'S1483421773.508673,VS0,VE0',
216 verbose headers   vary: 'Accept-Encoding' }
217 silly get cb [ 304,
217 silly get   { date: 'Tue, 03 Jan 2017 05:36:13 GMT',
217 silly get     via: '1.1 varnish',
217 silly get     'cache-control': 'max-age=300',
217 silly get     etag: 'W/"58518ed2-84a2"',
217 silly get     age: '218',
217 silly get     connection: 'keep-alive',
217 silly get     'x-served-by': 'cache-lax8622-LAX',
217 silly get     'x-cache': 'HIT',
217 silly get     'x-cache-hits': '3',
217 silly get     'x-timer': 'S1483421773.508673,VS0,VE0',
217 silly get     vary: 'Accept-Encoding' } ]
218 verbose etag https://registry.npmjs.org/nopt from cache
219 verbose get saving nopt to /Users/jeffwolfram/.npm/registry.npmjs.org/nopt/.cache.json
220 verbose correctMkdir /Users/jeffwolfram/.npm correctMkdir not in flight; initializing
221 http 304 https://registry.npmjs.org/resolve
222 verbose headers { date: 'Tue, 03 Jan 2017 05:36:13 GMT',
222 verbose headers   via: '1.1 varnish',
222 verbose headers   'cache-control': 'max-age=300',
222 verbose headers   etag: 'W/"58552958-b3a1"',
222 verbose headers   age: '248',
222 verbose headers   connection: 'keep-alive',
222 verbose headers   'x-served-by': 'cache-lax8646-LAX',
222 verbose headers   'x-cache': 'HIT',
222 verbose headers   'x-cache-hits': '3',
222 verbose headers   'x-timer': 'S1483421773.508635,VS0,VE0',
222 verbose headers   vary: 'Accept-Encoding' }
223 silly get cb [ 304,
223 silly get   { date: 'Tue, 03 Jan 2017 05:36:13 GMT',
223 silly get     via: '1.1 varnish',
223 silly get     'cache-control': 'max-age=300',
223 silly get     etag: 'W/"58552958-b3a1"',
223 silly get     age: '248',
223 silly get     connection: 'keep-alive',
223 silly get     'x-served-by': 'cache-lax8646-LAX',
223 silly get     'x-cache': 'HIT',
223 silly get     'x-cache-hits': '3',
223 silly get     'x-timer': 'S1483421773.508635,VS0,VE0',
223 silly get     vary: 'Accept-Encoding' } ]
224 verbose etag https://registry.npmjs.org/resolve from cache
225 verbose get saving resolve to /Users/jeffwolfram/.npm/registry.npmjs.org/resolve/.cache.json
226 verbose correctMkdir /Users/jeffwolfram/.npm correctMkdir not in flight; initializing
227 silly resolveWithNewModule nopt@3.0.6 checking installable status
228 silly cache add args [ 'nopt@~3.0.6', null ]
229 verbose cache add spec nopt@~3.0.6
230 silly cache add parsed spec Result {
230 silly cache add   raw: 'nopt@~3.0.6',
230 silly cache add   scope: null,
230 silly cache add   escapedName: 'nopt',
230 silly cache add   name: 'nopt',
230 silly cache add   rawSpec: '~3.0.6',
230 silly cache add   spec: '>=3.0.6 <3.1.0',
230 silly cache add   type: 'range' }
231 silly addNamed nopt@>=3.0.6 <3.1.0
232 verbose addNamed ">=3.0.6 <3.1.0" is a valid semver range for nopt
233 silly addNameRange { name: 'nopt', range: '>=3.0.6 <3.1.0', hasData: false }
234 silly mapToRegistry name nopt
235 silly mapToRegistry using default registry
236 silly mapToRegistry registry https://registry.npmjs.org/
237 silly mapToRegistry data Result {
237 silly mapToRegistry   raw: 'nopt',
237 silly mapToRegistry   scope: null,
237 silly mapToRegistry   escapedName: 'nopt',
237 silly mapToRegistry   name: 'nopt',
237 silly mapToRegistry   rawSpec: '',
237 silly mapToRegistry   spec: 'latest',
237 silly mapToRegistry   type: 'tag' }
238 silly mapToRegistry uri https://registry.npmjs.org/nopt
239 verbose addNameRange registry:https://registry.npmjs.org/nopt not in flight; fetching
240 silly resolveWithNewModule resolve@1.1.7 checking installable status
241 silly cache add args [ 'resolve@~1.1.0', null ]
242 verbose cache add spec resolve@~1.1.0
243 silly cache add parsed spec Result {
243 silly cache add   raw: 'resolve@~1.1.0',
243 silly cache add   scope: null,
243 silly cache add   escapedName: 'resolve',
243 silly cache add   name: 'resolve',
243 silly cache add   rawSpec: '~1.1.0',
243 silly cache add   spec: '>=1.1.0 <1.2.0',
243 silly cache add   type: 'range' }
244 silly addNamed resolve@>=1.1.0 <1.2.0
245 verbose addNamed ">=1.1.0 <1.2.0" is a valid semver range for resolve
246 silly addNameRange { name: 'resolve', range: '>=1.1.0 <1.2.0', hasData: false }
247 silly mapToRegistry name resolve
248 silly mapToRegistry using default registry
249 silly mapToRegistry registry https://registry.npmjs.org/
250 silly mapToRegistry data Result {
250 silly mapToRegistry   raw: 'resolve',
250 silly mapToRegistry   scope: null,
250 silly mapToRegistry   escapedName: 'resolve',
250 silly mapToRegistry   name: 'resolve',
250 silly mapToRegistry   rawSpec: '',
250 silly mapToRegistry   spec: 'latest',
250 silly mapToRegistry   type: 'tag' }
251 silly mapToRegistry uri https://registry.npmjs.org/resolve
252 verbose addNameRange registry:https://registry.npmjs.org/resolve not in flight; fetching
253 verbose get https://registry.npmjs.org/nopt not expired, no request
254 silly addNameRange number 2 { name: 'nopt', range: '>=3.0.6 <3.1.0', hasData: true }
255 silly addNameRange versions [ 'nopt',
255 silly addNameRange   [ '1.0.0',
255 silly addNameRange     '1.0.1',
255 silly addNameRange     '1.0.2',
255 silly addNameRange     '1.0.3',
255 silly addNameRange     '1.0.4',
255 silly addNameRange     '1.0.5',
255 silly addNameRange     '1.0.6',
255 silly addNameRange     '1.0.7',
255 silly addNameRange     '1.0.8',
255 silly addNameRange     '1.0.9',
255 silly addNameRange     '1.0.10',
255 silly addNameRange     '2.0.0',
255 silly addNameRange     '2.1.0',
255 silly addNameRange     '2.1.1',
255 silly addNameRange     '2.1.2',
255 silly addNameRange     '2.2.0',
255 silly addNameRange     '2.2.1',
255 silly addNameRange     '3.0.0',
255 silly addNameRange     '3.0.1',
255 silly addNameRange     '3.0.2',
255 silly addNameRange     '3.0.3',
255 silly addNameRange     '3.0.4',
255 silly addNameRange     '3.0.5',
255 silly addNameRange     '3.0.6',
255 silly addNameRange     '4.0.0',
255 silly addNameRange     '4.0.1' ] ]
256 silly addNamed nopt@3.0.6
257 verbose addNamed "3.0.6" is a plain semver version for nopt
258 verbose get https://registry.npmjs.org/resolve not expired, no request
259 silly addNameRange number 2 { name: 'resolve', range: '>=1.1.0 <1.2.0', hasData: true }
260 silly addNameRange versions [ 'resolve',
260 silly addNameRange   [ '0.0.0',
260 silly addNameRange     '0.0.1',
260 silly addNameRange     '0.0.2',
260 silly addNameRange     '0.0.3',
260 silly addNameRange     '0.0.4',
260 silly addNameRange     '0.1.0',
260 silly addNameRange     '0.1.2',
260 silly addNameRange     '0.1.3',
260 silly addNameRange     '0.2.0',
260 silly addNameRange     '0.2.1',
260 silly addNameRange     '0.2.2',
260 silly addNameRange     '0.2.3',
260 silly addNameRange     '0.2.4',
260 silly addNameRange     '0.2.5',
260 silly addNameRange     '0.2.6',
260 silly addNameRange     '0.2.7',
260 silly addNameRange     '0.2.8',
260 silly addNameRange     '0.3.0',
260 silly addNameRange     '0.3.1',
260 silly addNameRange     '0.4.0',
260 silly addNameRange     '0.4.1',
260 silly addNameRange     '0.4.2',
260 silly addNameRange     '0.4.3',
260 silly addNameRange     '0.5.0',
260 silly addNameRange     '0.5.1',
260 silly addNameRange     '0.6.0',
260 silly addNameRange     '0.6.1',
260 silly addNameRange     '0.6.2',
260 silly addNameRange     '0.6.3',
260 silly addNameRange     '0.7.0',
260 silly addNameRange     '0.7.1',
260 silly addNameRange     '0.7.2',
260 silly addNameRange     '0.7.3',
260 silly addNameRange     '0.7.4',
260 silly addNameRange     '1.0.0',
260 silly addNameRange     '1.1.0',
260 silly addNameRange     '1.1.2',
260 silly addNameRange     '1.1.3',
260 silly addNameRange     '1.1.4',
260 silly addNameRange     '1.1.5',
260 silly addNameRange     '1.1.6',
260 silly addNameRange     '1.1.7',
260 silly addNameRange     '1.2.0' ] ]
261 silly addNamed resolve@1.1.7
262 verbose addNamed "1.1.7" is a plain semver version for resolve
263 silly cache afterAdd nopt@3.0.6
264 verbose afterAdd /Users/jeffwolfram/.npm/nopt/3.0.6/package/package.json not in flight; writing
265 verbose correctMkdir /Users/jeffwolfram/.npm correctMkdir not in flight; initializing
266 silly cache afterAdd resolve@1.1.7
267 verbose afterAdd /Users/jeffwolfram/.npm/resolve/1.1.7/package/package.json not in flight; writing
268 verbose correctMkdir /Users/jeffwolfram/.npm correctMkdir not in flight; initializing
269 verbose afterAdd /Users/jeffwolfram/.npm/nopt/3.0.6/package/package.json written
270 verbose afterAdd /Users/jeffwolfram/.npm/resolve/1.1.7/package/package.json written
271 silly fetchNamedPackageData glob
272 silly mapToRegistry name glob
273 silly mapToRegistry using default registry
274 silly mapToRegistry registry https://registry.npmjs.org/
275 silly mapToRegistry data Result {
275 silly mapToRegistry   raw: 'glob',
275 silly mapToRegistry   scope: null,
275 silly mapToRegistry   escapedName: 'glob',
275 silly mapToRegistry   name: 'glob',
275 silly mapToRegistry   rawSpec: '',
275 silly mapToRegistry   spec: 'latest',
275 silly mapToRegistry   type: 'tag' }
276 silly mapToRegistry uri https://registry.npmjs.org/glob
277 verbose request uri https://registry.npmjs.org/glob
278 verbose request no auth needed
279 info attempt registry request try #1 at 9:36:24 PM
280 verbose etag W/"585b3248-1f585"
281 verbose lastModified Thu, 22 Dec 2016 01:54:16 GMT
282 http request GET https://registry.npmjs.org/glob
283 http 200 https://registry.npmjs.org/glob
284 verbose headers { server: 'nginx/1.10.1',
284 verbose headers   'content-type': 'application/json',
284 verbose headers   'last-modified': 'Thu, 29 Dec 2016 20:06:05 GMT',
284 verbose headers   etag: 'W/"58656cad-1f5ac"',
284 verbose headers   'content-encoding': 'gzip',
284 verbose headers   'cache-control': 'max-age=300',
284 verbose headers   'content-length': '17801',
284 verbose headers   'accept-ranges': 'bytes',
284 verbose headers   date: 'Tue, 03 Jan 2017 05:36:13 GMT',
284 verbose headers   via: '1.1 varnish',
284 verbose headers   age: '237',
284 verbose headers   connection: 'keep-alive',
284 verbose headers   'x-served-by': 'cache-lax8633-LAX',
284 verbose headers   'x-cache': 'HIT',
284 verbose headers   'x-cache-hits': '2',
284 verbose headers   'x-timer': 'S1483421773.555370,VS0,VE0',
284 verbose headers   vary: 'Accept-Encoding' }
285 silly get cb [ 200,
285 silly get   { server: 'nginx/1.10.1',
285 silly get     'content-type': 'application/json',
285 silly get     'last-modified': 'Thu, 29 Dec 2016 20:06:05 GMT',
285 silly get     etag: 'W/"58656cad-1f5ac"',
285 silly get     'content-encoding': 'gzip',
285 silly get     'cache-control': 'max-age=300',
285 silly get     'content-length': '17801',
285 silly get     'accept-ranges': 'bytes',
285 silly get     date: 'Tue, 03 Jan 2017 05:36:13 GMT',
285 silly get     via: '1.1 varnish',
285 silly get     age: '237',
285 silly get     connection: 'keep-alive',
285 silly get     'x-served-by': 'cache-lax8633-LAX',
285 silly get     'x-cache': 'HIT',
285 silly get     'x-cache-hits': '2',
285 silly get     'x-timer': 'S1483421773.555370,VS0,VE0',
285 silly get     vary: 'Accept-Encoding' } ]
286 verbose get saving glob to /Users/jeffwolfram/.npm/registry.npmjs.org/glob/.cache.json
287 verbose correctMkdir /Users/jeffwolfram/.npm correctMkdir not in flight; initializing
288 silly resolveWithNewModule glob@5.0.15 checking installable status
289 silly cache add args [ 'glob@~5.0.0', null ]
290 verbose cache add spec glob@~5.0.0
291 silly cache add parsed spec Result {
291 silly cache add   raw: 'glob@~5.0.0',
291 silly cache add   scope: null,
291 silly cache add   escapedName: 'glob',
291 silly cache add   name: 'glob',
291 silly cache add   rawSpec: '~5.0.0',
291 silly cache add   spec: '>=5.0.0 <5.1.0',
291 silly cache add   type: 'range' }
292 silly addNamed glob@>=5.0.0 <5.1.0
293 verbose addNamed ">=5.0.0 <5.1.0" is a valid semver range for glob
294 silly addNameRange { name: 'glob', range: '>=5.0.0 <5.1.0', hasData: false }
295 silly mapToRegistry name glob
296 silly mapToRegistry using default registry
297 silly mapToRegistry registry https://registry.npmjs.org/
298 silly mapToRegistry data Result {
298 silly mapToRegistry   raw: 'glob',
298 silly mapToRegistry   scope: null,
298 silly mapToRegistry   escapedName: 'glob',
298 silly mapToRegistry   name: 'glob',
298 silly mapToRegistry   rawSpec: '',
298 silly mapToRegistry   spec: 'latest',
298 silly mapToRegistry   type: 'tag' }
299 silly mapToRegistry uri https://registry.npmjs.org/glob
300 verbose addNameRange registry:https://registry.npmjs.org/glob not in flight; fetching
301 verbose get https://registry.npmjs.org/glob not expired, no request
302 silly addNameRange number 2 { name: 'glob', range: '>=5.0.0 <5.1.0', hasData: true }
303 silly addNameRange versions [ 'glob',
303 silly addNameRange   [ '1.1.0',
303 silly addNameRange     '2.0.9',
303 silly addNameRange     '2.0.8',
303 silly addNameRange     '2.0.7',
303 silly addNameRange     '2.1.0',
303 silly addNameRange     '3.0.0',
303 silly addNameRange     '3.0.1',
303 silly addNameRange     '3.1.0',
303 silly addNameRange     '3.1.1',
303 silly addNameRange     '3.1.2',
303 silly addNameRange     '3.1.3',
303 silly addNameRange     '3.1.4',
303 silly addNameRange     '3.1.5',
303 silly addNameRange     '3.1.6',
303 silly addNameRange     '3.1.7',
303 silly addNameRange     '3.1.9',
303 silly addNameRange     '3.1.10',
303 silly addNameRange     '3.1.11',
303 silly addNameRange     '3.1.12',
303 silly addNameRange     '3.1.13',
303 silly addNameRange     '3.1.14',
303 silly addNameRange     '3.1.15',
303 silly addNameRange     '3.1.16',
303 silly addNameRange     '3.1.17',
303 silly addNameRange     '3.1.18',
303 silly addNameRange     '3.1.19',
303 silly addNameRange     '3.1.20',
303 silly addNameRange     '3.1.21',
303 silly addNameRange     '3.2.0',
303 silly addNameRange     '3.2.1',
303 silly addNameRange     '3.2.3',
303 silly addNameRange     '3.2.4',
303 silly addNameRange     '3.2.5',
303 silly addNameRange     '3.2.6',
303 silly addNameRange     '3.2.7',
303 silly addNameRange     '3.2.8',
303 silly addNameRange     '3.2.9',
303 silly addNameRange     '3.2.10',
303 silly addNameRange     '3.2.11',
303 silly addNameRange     '4.0.0',
303 silly addNameRange     '4.0.1',
303 silly addNameRange     '4.0.2',
303 silly addNameRange     '4.0.3',
303 silly addNameRange     '4.0.4',
303 silly addNameRange     '4.0.5',
303 silly addNameRange     '4.0.6',
303 silly addNameRange     '4.1.2-beta',
303 silly addNameRange     '4.1.2',
303 silly addNameRange     '4.1.3',
303 silly addNameRange     '4.1.4',
303 silly addNameRange     '4.1.5',
303 silly addNameRange     '4.1.6',
303 silly addNameRange     '4.2.0',
303 silly addNameRange     '4.2.1',
303 silly addNameRange     '4.2.2',
303 silly addNameRange     '4.3.0',
303 silly addNameRange     '4.3.1',
303 silly addNameRange     '4.3.2',
303 silly addNameRange     '4.3.3',
303 silly addNameRange     '4.3.4',
303 silly addNameRange     '4.3.5',
303 silly addNameRange     '4.4.0',
303 silly addNameRange     '4.4.2',
303 silly addNameRange     '4.5.0',
303 silly addNameRange     '5.0.0',
303 silly addNameRange     '4.5.1',
303 silly addNameRange     '5.0.1',
303 silly addNameRange     '4.5.2',
303 silly addNameRange     '5.0.2',
303 silly addNameRange     '4.5.3',
303 silly addNameRange     '5.0.3',
303 silly addNameRange     '5.0.4',
303 silly addNameRange     '5.0.5',
303 silly addNameRange     '5.0.6',
303 silly addNameRange     '5.0.7',
303 silly addNameRange     '5.0.9',
303 silly addNameRange     '5.0.10',
303 silly addNameRange     '5.0.11',
303 silly addNameRange     '5.0.12',
303 silly addNameRange     '5.0.13',
303 silly addNameRange     '5.0.14',
303 silly addNameRange     '5.0.15',
303 silly addNameRange     '6.0.1',
303 silly addNameRange     '6.0.2',
303 silly addNameRange     '6.0.3',
303 silly addNameRange     '6.0.4',
303 silly addNameRange     '7.0.0',
303 silly addNameRange     '7.0.1',
303 silly addNameRange     '7.0.3',
303 silly addNameRange     '7.0.4',
303 silly addNameRange     '7.0.5',
303 silly addNameRange     '7.0.6',
303 silly addNameRange     '7.1.0',
303 silly addNameRange     '7.1.1' ] ]
304 silly addNamed glob@5.0.15
305 verbose addNamed "5.0.15" is a plain semver version for glob
306 silly cache afterAdd glob@5.0.15
307 verbose afterAdd /Users/jeffwolfram/.npm/glob/5.0.15/package/package.json not in flight; writing
308 verbose correctMkdir /Users/jeffwolfram/.npm correctMkdir not in flight; initializing
309 verbose afterAdd /Users/jeffwolfram/.npm/glob/5.0.15/package/package.json written
310 silly fetchNamedPackageData inflight
311 silly mapToRegistry name inflight
312 silly mapToRegistry using default registry
313 silly mapToRegistry registry https://registry.npmjs.org/
314 silly mapToRegistry data Result {
314 silly mapToRegistry   raw: 'inflight',
314 silly mapToRegistry   scope: null,
314 silly mapToRegistry   escapedName: 'inflight',
314 silly mapToRegistry   name: 'inflight',
314 silly mapToRegistry   rawSpec: '',
314 silly mapToRegistry   spec: 'latest',
314 silly mapToRegistry   type: 'tag' }
315 silly mapToRegistry uri https://registry.npmjs.org/inflight
316 silly fetchNamedPackageData inherits
317 silly mapToRegistry name inherits
318 silly mapToRegistry using default registry
319 silly mapToRegistry registry https://registry.npmjs.org/
320 silly mapToRegistry data Result {
320 silly mapToRegistry   raw: 'inherits',
320 silly mapToRegistry   scope: null,
320 silly mapToRegistry   escapedName: 'inherits',
320 silly mapToRegistry   name: 'inherits',
320 silly mapToRegistry   rawSpec: '',
320 silly mapToRegistry   spec: 'latest',
320 silly mapToRegistry   type: 'tag' }
321 silly mapToRegistry uri https://registry.npmjs.org/inherits
322 silly fetchNamedPackageData minimatch
323 silly mapToRegistry name minimatch
324 silly mapToRegistry using default registry
325 silly mapToRegistry registry https://registry.npmjs.org/
326 silly mapToRegistry data Result {
326 silly mapToRegistry   raw: 'minimatch',
326 silly mapToRegistry   scope: null,
326 silly mapToRegistry   escapedName: 'minimatch',
326 silly mapToRegistry   name: 'minimatch',
326 silly mapToRegistry   rawSpec: '',
326 silly mapToRegistry   spec: 'latest',
326 silly mapToRegistry   type: 'tag' }
327 silly mapToRegistry uri https://registry.npmjs.org/minimatch
328 silly fetchNamedPackageData once
329 silly mapToRegistry name once
330 silly mapToRegistry using default registry
331 silly mapToRegistry registry https://registry.npmjs.org/
332 silly mapToRegistry data Result {
332 silly mapToRegistry   raw: 'once',
332 silly mapToRegistry   scope: null,
332 silly mapToRegistry   escapedName: 'once',
332 silly mapToRegistry   name: 'once',
332 silly mapToRegistry   rawSpec: '',
332 silly mapToRegistry   spec: 'latest',
332 silly mapToRegistry   type: 'tag' }
333 silly mapToRegistry uri https://registry.npmjs.org/once
334 silly fetchNamedPackageData path-is-absolute
335 silly mapToRegistry name path-is-absolute
336 silly mapToRegistry using default registry
337 silly mapToRegistry registry https://registry.npmjs.org/
338 silly mapToRegistry data Result {
338 silly mapToRegistry   raw: 'path-is-absolute',
338 silly mapToRegistry   scope: null,
338 silly mapToRegistry   escapedName: 'path-is-absolute',
338 silly mapToRegistry   name: 'path-is-absolute',
338 silly mapToRegistry   rawSpec: '',
338 silly mapToRegistry   spec: 'latest',
338 silly mapToRegistry   type: 'tag' }
339 silly mapToRegistry uri https://registry.npmjs.org/path-is-absolute
340 verbose request uri https://registry.npmjs.org/inherits
341 verbose request no auth needed
342 info attempt registry request try #1 at 9:36:24 PM
343 verbose etag W/"584f5bc9-222c"
344 verbose lastModified Tue, 13 Dec 2016 02:24:09 GMT
345 http request GET https://registry.npmjs.org/inherits
346 verbose request uri https://registry.npmjs.org/inflight
347 verbose request no auth needed
348 info attempt registry request try #1 at 9:36:24 PM
349 verbose etag W/"5818d131-25a6"
350 verbose lastModified Tue, 01 Nov 2016 17:30:25 GMT
351 http request GET https://registry.npmjs.org/inflight
352 verbose request uri https://registry.npmjs.org/once
353 verbose request no auth needed
354 info attempt registry request try #1 at 9:36:24 PM
355 verbose etag W/"58497789-25a3"
356 verbose lastModified Thu, 08 Dec 2016 15:08:57 GMT
357 http request GET https://registry.npmjs.org/once
358 verbose request uri https://registry.npmjs.org/minimatch
359 verbose request no auth needed
360 info attempt registry request try #1 at 9:36:24 PM
361 verbose etag W/"585fc33a-cbda"
362 verbose lastModified Sun, 25 Dec 2016 13:01:46 GMT
363 http request GET https://registry.npmjs.org/minimatch
364 verbose request uri https://registry.npmjs.org/path-is-absolute
365 verbose request no auth needed
366 info attempt registry request try #1 at 9:36:24 PM
367 verbose etag W/"5818d860-1312"
368 verbose lastModified Tue, 01 Nov 2016 18:01:04 GMT
369 http request GET https://registry.npmjs.org/path-is-absolute
370 http 304 https://registry.npmjs.org/inherits
371 verbose headers { date: 'Tue, 03 Jan 2017 05:36:13 GMT',
371 verbose headers   via: '1.1 varnish',
371 verbose headers   'cache-control': 'max-age=300',
371 verbose headers   etag: 'W/"584f5bc9-222c"',
371 verbose headers   age: '38',
371 verbose headers   connection: 'keep-alive',
371 verbose headers   'x-served-by': 'cache-lax8625-LAX',
371 verbose headers   'x-cache': 'HIT',
371 verbose headers   'x-cache-hits': '2',
371 verbose headers   'x-timer': 'S1483421773.610758,VS0,VE0',
371 verbose headers   vary: 'Accept-Encoding' }
372 silly get cb [ 304,
372 silly get   { date: 'Tue, 03 Jan 2017 05:36:13 GMT',
372 silly get     via: '1.1 varnish',
372 silly get     'cache-control': 'max-age=300',
372 silly get     etag: 'W/"584f5bc9-222c"',
372 silly get     age: '38',
372 silly get     connection: 'keep-alive',
372 silly get     'x-served-by': 'cache-lax8625-LAX',
372 silly get     'x-cache': 'HIT',
372 silly get     'x-cache-hits': '2',
372 silly get     'x-timer': 'S1483421773.610758,VS0,VE0',
372 silly get     vary: 'Accept-Encoding' } ]
373 verbose etag https://registry.npmjs.org/inherits from cache
374 verbose get saving inherits to /Users/jeffwolfram/.npm/registry.npmjs.org/inherits/.cache.json
375 verbose correctMkdir /Users/jeffwolfram/.npm correctMkdir not in flight; initializing
376 http 304 https://registry.npmjs.org/inflight
377 verbose headers { date: 'Tue, 03 Jan 2017 05:36:13 GMT',
377 verbose headers   via: '1.1 varnish',
377 verbose headers   'cache-control': 'max-age=300',
377 verbose headers   etag: 'W/"5818d131-25a6"',
377 verbose headers   age: '242',
377 verbose headers   connection: 'keep-alive',
377 verbose headers   'x-served-by': 'cache-lax8622-LAX',
377 verbose headers   'x-cache': 'HIT',
377 verbose headers   'x-cache-hits': '6',
377 verbose headers   'x-timer': 'S1483421773.610478,VS0,VE0',
377 verbose headers   vary: 'Accept-Encoding' }
378 silly get cb [ 304,
378 silly get   { date: 'Tue, 03 Jan 2017 05:36:13 GMT',
378 silly get     via: '1.1 varnish',
378 silly get     'cache-control': 'max-age=300',
378 silly get     etag: 'W/"5818d131-25a6"',
378 silly get     age: '242',
378 silly get     connection: 'keep-alive',
378 silly get     'x-served-by': 'cache-lax8622-LAX',
378 silly get     'x-cache': 'HIT',
378 silly get     'x-cache-hits': '6',
378 silly get     'x-timer': 'S1483421773.610478,VS0,VE0',
378 silly get     vary: 'Accept-Encoding' } ]
379 verbose etag https://registry.npmjs.org/inflight from cache
380 verbose get saving inflight to /Users/jeffwolfram/.npm/registry.npmjs.org/inflight/.cache.json
381 verbose correctMkdir /Users/jeffwolfram/.npm correctMkdir not in flight; initializing
382 http 200 https://registry.npmjs.org/once
383 verbose headers { server: 'nginx/1.10.1',
383 verbose headers   'content-type': 'application/json',
383 verbose headers   'last-modified': 'Fri, 30 Dec 2016 03:57:24 GMT',
383 verbose headers   etag: 'W/"5865db24-25b5"',
383 verbose headers   'content-encoding': 'gzip',
383 verbose headers   'cache-control': 'max-age=300',
383 verbose headers   'content-length': '2419',
383 verbose headers   'accept-ranges': 'bytes',
383 verbose headers   date: 'Tue, 03 Jan 2017 05:36:13 GMT',
383 verbose headers   via: '1.1 varnish',
383 verbose headers   age: '165',
383 verbose headers   connection: 'keep-alive',
383 verbose headers   'x-served-by': 'cache-lax8646-LAX',
383 verbose headers   'x-cache': 'HIT',
383 verbose headers   'x-cache-hits': '3',
383 verbose headers   'x-timer': 'S1483421773.612534,VS0,VE0',
383 verbose headers   vary: 'Accept-Encoding' }
384 silly get cb [ 200,
384 silly get   { server: 'nginx/1.10.1',
384 silly get     'content-type': 'application/json',
384 silly get     'last-modified': 'Fri, 30 Dec 2016 03:57:24 GMT',
384 silly get     etag: 'W/"5865db24-25b5"',
384 silly get     'content-encoding': 'gzip',
384 silly get     'cache-control': 'max-age=300',
384 silly get     'content-length': '2419',
384 silly get     'accept-ranges': 'bytes',
384 silly get     date: 'Tue, 03 Jan 2017 05:36:13 GMT',
384 silly get     via: '1.1 varnish',
384 silly get     age: '165',
384 silly get     connection: 'keep-alive',
384 silly get     'x-served-by': 'cache-lax8646-LAX',
384 silly get     'x-cache': 'HIT',
384 silly get     'x-cache-hits': '3',
384 silly get     'x-timer': 'S1483421773.612534,VS0,VE0',
384 silly get     vary: 'Accept-Encoding' } ]
385 verbose get saving once to /Users/jeffwolfram/.npm/registry.npmjs.org/once/.cache.json
386 verbose correctMkdir /Users/jeffwolfram/.npm correctMkdir not in flight; initializing
387 silly resolveWithNewModule inherits@2.0.3 checking installable status
388 silly cache add args [ 'inherits@2', null ]
389 verbose cache add spec inherits@2
390 silly cache add parsed spec Result {
390 silly cache add   raw: 'inherits@2',
390 silly cache add   scope: null,
390 silly cache add   escapedName: 'inherits',
390 silly cache add   name: 'inherits',
390 silly cache add   rawSpec: '2',
390 silly cache add   spec: '>=2.0.0 <3.0.0',
390 silly cache add   type: 'range' }
391 silly addNamed inherits@>=2.0.0 <3.0.0
392 verbose addNamed ">=2.0.0 <3.0.0" is a valid semver range for inherits
393 silly addNameRange { name: 'inherits', range: '>=2.0.0 <3.0.0', hasData: false }
394 silly mapToRegistry name inherits
395 silly mapToRegistry using default registry
396 silly mapToRegistry registry https://registry.npmjs.org/
397 silly mapToRegistry data Result {
397 silly mapToRegistry   raw: 'inherits',
397 silly mapToRegistry   scope: null,
397 silly mapToRegistry   escapedName: 'inherits',
397 silly mapToRegistry   name: 'inherits',
397 silly mapToRegistry   rawSpec: '',
397 silly mapToRegistry   spec: 'latest',
397 silly mapToRegistry   type: 'tag' }
398 silly mapToRegistry uri https://registry.npmjs.org/inherits
399 verbose addNameRange registry:https://registry.npmjs.org/inherits not in flight; fetching
400 silly resolveWithNewModule inflight@1.0.6 checking installable status
401 silly cache add args [ 'inflight@^1.0.4', null ]
402 verbose cache add spec inflight@^1.0.4
403 silly cache add parsed spec Result {
403 silly cache add   raw: 'inflight@^1.0.4',
403 silly cache add   scope: null,
403 silly cache add   escapedName: 'inflight',
403 silly cache add   name: 'inflight',
403 silly cache add   rawSpec: '^1.0.4',
403 silly cache add   spec: '>=1.0.4 <2.0.0',
403 silly cache add   type: 'range' }
404 silly addNamed inflight@>=1.0.4 <2.0.0
405 verbose addNamed ">=1.0.4 <2.0.0" is a valid semver range for inflight
406 silly addNameRange { name: 'inflight', range: '>=1.0.4 <2.0.0', hasData: false }
407 silly mapToRegistry name inflight
408 silly mapToRegistry using default registry
409 silly mapToRegistry registry https://registry.npmjs.org/
410 silly mapToRegistry data Result {
410 silly mapToRegistry   raw: 'inflight',
410 silly mapToRegistry   scope: null,
410 silly mapToRegistry   escapedName: 'inflight',
410 silly mapToRegistry   name: 'inflight',
410 silly mapToRegistry   rawSpec: '',
410 silly mapToRegistry   spec: 'latest',
410 silly mapToRegistry   type: 'tag' }
411 silly mapToRegistry uri https://registry.npmjs.org/inflight
412 verbose addNameRange registry:https://registry.npmjs.org/inflight not in flight; fetching
413 silly resolveWithNewModule once@1.4.0 checking installable status
414 silly cache add args [ 'once@^1.3.0', null ]
415 verbose cache add spec once@^1.3.0
416 silly cache add parsed spec Result {
416 silly cache add   raw: 'once@^1.3.0',
416 silly cache add   scope: null,
416 silly cache add   escapedName: 'once',
416 silly cache add   name: 'once',
416 silly cache add   rawSpec: '^1.3.0',
416 silly cache add   spec: '>=1.3.0 <2.0.0',
416 silly cache add   type: 'range' }
417 silly addNamed once@>=1.3.0 <2.0.0
418 verbose addNamed ">=1.3.0 <2.0.0" is a valid semver range for once
419 silly addNameRange { name: 'once', range: '>=1.3.0 <2.0.0', hasData: false }
420 silly mapToRegistry name once
421 silly mapToRegistry using default registry
422 silly mapToRegistry registry https://registry.npmjs.org/
423 silly mapToRegistry data Result {
423 silly mapToRegistry   raw: 'once',
423 silly mapToRegistry   scope: null,
423 silly mapToRegistry   escapedName: 'once',
423 silly mapToRegistry   name: 'once',
423 silly mapToRegistry   rawSpec: '',
423 silly mapToRegistry   spec: 'latest',
423 silly mapToRegistry   type: 'tag' }
424 silly mapToRegistry uri https://registry.npmjs.org/once
425 verbose addNameRange registry:https://registry.npmjs.org/once not in flight; fetching
426 verbose get https://registry.npmjs.org/inherits not expired, no request
427 silly addNameRange number 2 { name: 'inherits', range: '>=2.0.0 <3.0.0', hasData: true }
428 silly addNameRange versions [ 'inherits',
428 silly addNameRange   [ '1.0.0', '2.0.0', '2.0.1', '1.0.1', '1.0.2', '2.0.3' ] ]
429 silly addNamed inherits@2.0.3
430 verbose addNamed "2.0.3" is a plain semver version for inherits
431 verbose get https://registry.npmjs.org/inflight not expired, no request
432 silly addNameRange number 2 { name: 'inflight', range: '>=1.0.4 <2.0.0', hasData: true }
433 silly addNameRange versions [ 'inflight',
433 silly addNameRange   [ '1.0.0', '1.0.1', '1.0.2', '1.0.3', '1.0.4', '1.0.5', '1.0.6' ] ]
434 silly addNamed inflight@1.0.6
435 verbose addNamed "1.0.6" is a plain semver version for inflight
436 verbose get https://registry.npmjs.org/once not expired, no request
437 silly addNameRange number 2 { name: 'once', range: '>=1.3.0 <2.0.0', hasData: true }
438 silly addNameRange versions [ 'once',
438 silly addNameRange   [ '1.1.1', '1.2.0', '1.3.0', '1.3.1', '1.3.2', '1.3.3', '1.4.0' ] ]
439 silly addNamed once@1.4.0
440 verbose addNamed "1.4.0" is a plain semver version for once
441 silly cache afterAdd inherits@2.0.3
442 verbose afterAdd /Users/jeffwolfram/.npm/inherits/2.0.3/package/package.json not in flight; writing
443 verbose correctMkdir /Users/jeffwolfram/.npm correctMkdir not in flight; initializing
444 silly cache afterAdd inflight@1.0.6
445 verbose afterAdd /Users/jeffwolfram/.npm/inflight/1.0.6/package/package.json not in flight; writing
446 verbose correctMkdir /Users/jeffwolfram/.npm correctMkdir not in flight; initializing
447 http 200 https://registry.npmjs.org/minimatch
448 verbose headers { server: 'nginx/1.10.1',
448 verbose headers   'content-type': 'application/json',
448 verbose headers   'last-modified': 'Wed, 28 Dec 2016 03:52:51 GMT',
448 verbose headers   etag: 'W/"58633713-cbcb"',
448 verbose headers   'content-encoding': 'gzip',
448 verbose headers   'cache-control': 'max-age=300',
448 verbose headers   'content-length': '7755',
448 verbose headers   'accept-ranges': 'bytes',
448 verbose headers   date: 'Tue, 03 Jan 2017 05:36:13 GMT',
448 verbose headers   via: '1.1 varnish',
448 verbose headers   age: '271',
448 verbose headers   connection: 'keep-alive',
448 verbose headers   'x-served-by': 'cache-lax8633-LAX',
448 verbose headers   'x-cache': 'HIT',
448 verbose headers   'x-cache-hits': '4',
448 verbose headers   'x-timer': 'S1483421773.621980,VS0,VE0',
448 verbose headers   vary: 'Accept-Encoding' }
449 silly get cb [ 200,
449 silly get   { server: 'nginx/1.10.1',
449 silly get     'content-type': 'application/json',
449 silly get     'last-modified': 'Wed, 28 Dec 2016 03:52:51 GMT',
449 silly get     etag: 'W/"58633713-cbcb"',
449 silly get     'content-encoding': 'gzip',
449 silly get     'cache-control': 'max-age=300',
449 silly get     'content-length': '7755',
449 silly get     'accept-ranges': 'bytes',
449 silly get     date: 'Tue, 03 Jan 2017 05:36:13 GMT',
449 silly get     via: '1.1 varnish',
449 silly get     age: '271',
449 silly get     connection: 'keep-alive',
449 silly get     'x-served-by': 'cache-lax8633-LAX',
449 silly get     'x-cache': 'HIT',
449 silly get     'x-cache-hits': '4',
449 silly get     'x-timer': 'S1483421773.621980,VS0,VE0',
449 silly get     vary: 'Accept-Encoding' } ]
450 verbose get saving minimatch to /Users/jeffwolfram/.npm/registry.npmjs.org/minimatch/.cache.json
451 verbose correctMkdir /Users/jeffwolfram/.npm correctMkdir not in flight; initializing
452 silly cache afterAdd once@1.4.0
453 verbose afterAdd /Users/jeffwolfram/.npm/once/1.4.0/package/package.json not in flight; writing
454 verbose correctMkdir /Users/jeffwolfram/.npm correctMkdir not in flight; initializing
455 verbose afterAdd /Users/jeffwolfram/.npm/inherits/2.0.3/package/package.json written
456 verbose afterAdd /Users/jeffwolfram/.npm/inflight/1.0.6/package/package.json written
457 silly resolveWithNewModule minimatch@3.0.3 checking installable status
458 silly cache add args [ 'minimatch@2 || 3', null ]
459 verbose cache add spec minimatch@2 || 3
460 silly cache add parsed spec Result {
460 silly cache add   raw: 'minimatch@2 || 3',
460 silly cache add   scope: null,
460 silly cache add   escapedName: 'minimatch',
460 silly cache add   name: 'minimatch',
460 silly cache add   rawSpec: '2 || 3',
460 silly cache add   spec: '>=2.0.0 <3.0.0||>=3.0.0 <4.0.0',
460 silly cache add   type: 'range' }
461 silly addNamed minimatch@>=2.0.0 <3.0.0||>=3.0.0 <4.0.0
462 verbose addNamed ">=2.0.0 <3.0.0||>=3.0.0 <4.0.0" is a valid semver range for minimatch
463 silly addNameRange { name: 'minimatch',
463 silly addNameRange   range: '>=2.0.0 <3.0.0||>=3.0.0 <4.0.0',
463 silly addNameRange   hasData: false }
464 silly mapToRegistry name minimatch
465 silly mapToRegistry using default registry
466 silly mapToRegistry registry https://registry.npmjs.org/
467 silly mapToRegistry data Result {
467 silly mapToRegistry   raw: 'minimatch',
467 silly mapToRegistry   scope: null,
467 silly mapToRegistry   escapedName: 'minimatch',
467 silly mapToRegistry   name: 'minimatch',
467 silly mapToRegistry   rawSpec: '',
467 silly mapToRegistry   spec: 'latest',
467 silly mapToRegistry   type: 'tag' }
468 silly mapToRegistry uri https://registry.npmjs.org/minimatch
469 verbose addNameRange registry:https://registry.npmjs.org/minimatch not in flight; fetching
470 verbose afterAdd /Users/jeffwolfram/.npm/once/1.4.0/package/package.json written
471 verbose get https://registry.npmjs.org/minimatch not expired, no request
472 silly addNameRange number 2 { name: 'minimatch',
472 silly addNameRange   range: '>=2.0.0 <3.0.0||>=3.0.0 <4.0.0',
472 silly addNameRange   hasData: true }
473 silly addNameRange versions [ 'minimatch',
473 silly addNameRange   [ '0.0.1',
473 silly addNameRange     '0.0.2',
473 silly addNameRange     '0.0.4',
473 silly addNameRange     '0.0.5',
473 silly addNameRange     '0.1.1',
473 silly addNameRange     '0.1.2',
473 silly addNameRange     '0.1.3',
473 silly addNameRange     '0.1.4',
473 silly addNameRange     '0.1.5',
473 silly addNameRange     '0.2.0',
473 silly addNameRange     '0.2.2',
473 silly addNameRange     '0.2.3',
473 silly addNameRange     '0.2.4',
473 silly addNameRange     '0.2.5',
473 silly addNameRange     '0.2.6',
473 silly addNameRange     '0.2.7',
473 silly addNameRange     '0.2.8',
473 silly addNameRange     '0.2.9',
473 silly addNameRange     '0.2.10',
473 silly addNameRange     '0.2.11',
473 silly addNameRange     '0.2.12',
473 silly addNameRange     '0.2.13',
473 silly addNameRange     '0.2.14',
473 silly addNameRange     '0.3.0',
473 silly addNameRange     '0.4.0',
473 silly addNameRange     '1.0.0',
473 silly addNameRange     '2.0.0',
473 silly addNameRange     '2.0.1',
473 silly addNameRange     '2.0.2',
473 silly addNameRange     '2.0.3',
473 silly addNameRange     '2.0.4',
473 silly addNameRange     '2.0.5',
473 silly addNameRange     '2.0.6',
473 silly addNameRange     '2.0.7',
473 silly addNameRange     '2.0.8',
473 silly addNameRange     '2.0.9',
473 silly addNameRange     '2.0.10',
473 silly addNameRange     '3.0.0',
473 silly addNameRange     '3.0.2',
473 silly addNameRange     '3.0.3' ] ]
474 silly addNamed minimatch@3.0.3
475 verbose addNamed "3.0.3" is a plain semver version for minimatch
476 silly cache afterAdd minimatch@3.0.3
477 verbose afterAdd /Users/jeffwolfram/.npm/minimatch/3.0.3/package/package.json not in flight; writing
478 verbose correctMkdir /Users/jeffwolfram/.npm correctMkdir not in flight; initializing
479 verbose afterAdd /Users/jeffwolfram/.npm/minimatch/3.0.3/package/package.json written
480 http 304 https://registry.npmjs.org/path-is-absolute
481 verbose headers { date: 'Tue, 03 Jan 2017 05:36:13 GMT',
481 verbose headers   via: '1.1 varnish',
481 verbose headers   'cache-control': 'max-age=300',
481 verbose headers   etag: 'W/"5818d860-1312"',
481 verbose headers   age: '43',
481 verbose headers   connection: 'keep-alive',
481 verbose headers   'x-served-by': 'cache-lax8643-LAX',
481 verbose headers   'x-cache': 'HIT',
481 verbose headers   'x-cache-hits': '1',
481 verbose headers   'x-timer': 'S1483421773.638891,VS0,VE0',
481 verbose headers   vary: 'Accept-Encoding' }
482 silly get cb [ 304,
482 silly get   { date: 'Tue, 03 Jan 2017 05:36:13 GMT',
482 silly get     via: '1.1 varnish',
482 silly get     'cache-control': 'max-age=300',
482 silly get     etag: 'W/"5818d860-1312"',
482 silly get     age: '43',
482 silly get     connection: 'keep-alive',
482 silly get     'x-served-by': 'cache-lax8643-LAX',
482 silly get     'x-cache': 'HIT',
482 silly get     'x-cache-hits': '1',
482 silly get     'x-timer': 'S1483421773.638891,VS0,VE0',
482 silly get     vary: 'Accept-Encoding' } ]
483 verbose etag https://registry.npmjs.org/path-is-absolute from cache
484 verbose get saving path-is-absolute to /Users/jeffwolfram/.npm/registry.npmjs.org/path-is-absolute/.cache.json
485 verbose correctMkdir /Users/jeffwolfram/.npm correctMkdir not in flight; initializing
486 silly resolveWithNewModule path-is-absolute@1.0.1 checking installable status
487 silly cache add args [ 'path-is-absolute@^1.0.0', null ]
488 verbose cache add spec path-is-absolute@^1.0.0
489 silly cache add parsed spec Result {
489 silly cache add   raw: 'path-is-absolute@^1.0.0',
489 silly cache add   scope: null,
489 silly cache add   escapedName: 'path-is-absolute',
489 silly cache add   name: 'path-is-absolute',
489 silly cache add   rawSpec: '^1.0.0',
489 silly cache add   spec: '>=1.0.0 <2.0.0',
489 silly cache add   type: 'range' }
490 silly addNamed path-is-absolute@>=1.0.0 <2.0.0
491 verbose addNamed ">=1.0.0 <2.0.0" is a valid semver range for path-is-absolute
492 silly addNameRange { name: 'path-is-absolute',
492 silly addNameRange   range: '>=1.0.0 <2.0.0',
492 silly addNameRange   hasData: false }
493 silly mapToRegistry name path-is-absolute
494 silly mapToRegistry using default registry
495 silly mapToRegistry registry https://registry.npmjs.org/
496 silly mapToRegistry data Result {
496 silly mapToRegistry   raw: 'path-is-absolute',
496 silly mapToRegistry   scope: null,
496 silly mapToRegistry   escapedName: 'path-is-absolute',
496 silly mapToRegistry   name: 'path-is-absolute',
496 silly mapToRegistry   rawSpec: '',
496 silly mapToRegistry   spec: 'latest',
496 silly mapToRegistry   type: 'tag' }
497 silly mapToRegistry uri https://registry.npmjs.org/path-is-absolute
498 verbose addNameRange registry:https://registry.npmjs.org/path-is-absolute not in flight; fetching
499 verbose get https://registry.npmjs.org/path-is-absolute not expired, no request
500 silly addNameRange number 2 { name: 'path-is-absolute',
500 silly addNameRange   range: '>=1.0.0 <2.0.0',
500 silly addNameRange   hasData: true }
501 silly addNameRange versions [ 'path-is-absolute', [ '1.0.0', '1.0.1' ] ]
502 silly addNamed path-is-absolute@1.0.1
503 verbose addNamed "1.0.1" is a plain semver version for path-is-absolute
504 silly cache afterAdd path-is-absolute@1.0.1
505 verbose afterAdd /Users/jeffwolfram/.npm/path-is-absolute/1.0.1/package/package.json not in flight; writing
506 verbose correctMkdir /Users/jeffwolfram/.npm correctMkdir not in flight; initializing
507 verbose afterAdd /Users/jeffwolfram/.npm/path-is-absolute/1.0.1/package/package.json written
508 silly fetchNamedPackageData wrappy
509 silly mapToRegistry name wrappy
510 silly mapToRegistry using default registry
511 silly mapToRegistry registry https://registry.npmjs.org/
512 silly mapToRegistry data Result {
512 silly mapToRegistry   raw: 'wrappy',
512 silly mapToRegistry   scope: null,
512 silly mapToRegistry   escapedName: 'wrappy',
512 silly mapToRegistry   name: 'wrappy',
512 silly mapToRegistry   rawSpec: '',
512 silly mapToRegistry   spec: 'latest',
512 silly mapToRegistry   type: 'tag' }
513 silly mapToRegistry uri https://registry.npmjs.org/wrappy
514 verbose request uri https://registry.npmjs.org/wrappy
515 verbose request no auth needed
516 info attempt registry request try #1 at 9:36:24 PM
517 verbose etag W/"5818e387-11a5"
518 verbose lastModified Tue, 01 Nov 2016 18:48:39 GMT
519 http request GET https://registry.npmjs.org/wrappy
520 http 304 https://registry.npmjs.org/wrappy
521 verbose headers { date: 'Tue, 03 Jan 2017 05:36:13 GMT',
521 verbose headers   via: '1.1 varnish',
521 verbose headers   'cache-control': 'max-age=300',
521 verbose headers   etag: 'W/"5818e387-11a5"',
521 verbose headers   age: '228',
521 verbose headers   connection: 'keep-alive',
521 verbose headers   'x-served-by': 'cache-lax8625-LAX',
521 verbose headers   'x-cache': 'HIT',
521 verbose headers   'x-cache-hits': '3',
521 verbose headers   'x-timer': 'S1483421773.663921,VS0,VE0',
521 verbose headers   vary: 'Accept-Encoding' }
522 silly get cb [ 304,
522 silly get   { date: 'Tue, 03 Jan 2017 05:36:13 GMT',
522 silly get     via: '1.1 varnish',
522 silly get     'cache-control': 'max-age=300',
522 silly get     etag: 'W/"5818e387-11a5"',
522 silly get     age: '228',
522 silly get     connection: 'keep-alive',
522 silly get     'x-served-by': 'cache-lax8625-LAX',
522 silly get     'x-cache': 'HIT',
522 silly get     'x-cache-hits': '3',
522 silly get     'x-timer': 'S1483421773.663921,VS0,VE0',
522 silly get     vary: 'Accept-Encoding' } ]
523 verbose etag https://registry.npmjs.org/wrappy from cache
524 verbose get saving wrappy to /Users/jeffwolfram/.npm/registry.npmjs.org/wrappy/.cache.json
525 verbose correctMkdir /Users/jeffwolfram/.npm correctMkdir not in flight; initializing
526 silly resolveWithNewModule wrappy@1.0.2 checking installable status
527 silly cache add args [ 'wrappy@1', null ]
528 verbose cache add spec wrappy@1
529 silly cache add parsed spec Result {
529 silly cache add   raw: 'wrappy@1',
529 silly cache add   scope: null,
529 silly cache add   escapedName: 'wrappy',
529 silly cache add   name: 'wrappy',
529 silly cache add   rawSpec: '1',
529 silly cache add   spec: '>=1.0.0 <2.0.0',
529 silly cache add   type: 'range' }
530 silly addNamed wrappy@>=1.0.0 <2.0.0
531 verbose addNamed ">=1.0.0 <2.0.0" is a valid semver range for wrappy
532 silly addNameRange { name: 'wrappy', range: '>=1.0.0 <2.0.0', hasData: false }
533 silly mapToRegistry name wrappy
534 silly mapToRegistry using default registry
535 silly mapToRegistry registry https://registry.npmjs.org/
536 silly mapToRegistry data Result {
536 silly mapToRegistry   raw: 'wrappy',
536 silly mapToRegistry   scope: null,
536 silly mapToRegistry   escapedName: 'wrappy',
536 silly mapToRegistry   name: 'wrappy',
536 silly mapToRegistry   rawSpec: '',
536 silly mapToRegistry   spec: 'latest',
536 silly mapToRegistry   type: 'tag' }
537 silly mapToRegistry uri https://registry.npmjs.org/wrappy
538 verbose addNameRange registry:https://registry.npmjs.org/wrappy not in flight; fetching
539 verbose get https://registry.npmjs.org/wrappy not expired, no request
540 silly addNameRange number 2 { name: 'wrappy', range: '>=1.0.0 <2.0.0', hasData: true }
541 silly addNameRange versions [ 'wrappy', [ '1.0.0', '1.0.1', '1.0.2' ] ]
542 silly addNamed wrappy@1.0.2
543 verbose addNamed "1.0.2" is a plain semver version for wrappy
544 silly cache afterAdd wrappy@1.0.2
545 verbose afterAdd /Users/jeffwolfram/.npm/wrappy/1.0.2/package/package.json not in flight; writing
546 verbose correctMkdir /Users/jeffwolfram/.npm correctMkdir not in flight; initializing
547 verbose afterAdd /Users/jeffwolfram/.npm/wrappy/1.0.2/package/package.json written
548 silly fetchNamedPackageData brace-expansion
549 silly mapToRegistry name brace-expansion
550 silly mapToRegistry using default registry
551 silly mapToRegistry registry https://registry.npmjs.org/
552 silly mapToRegistry data Result {
552 silly mapToRegistry   raw: 'brace-expansion',
552 silly mapToRegistry   scope: null,
552 silly mapToRegistry   escapedName: 'brace-expansion',
552 silly mapToRegistry   name: 'brace-expansion',
552 silly mapToRegistry   rawSpec: '',
552 silly mapToRegistry   spec: 'latest',
552 silly mapToRegistry   type: 'tag' }
553 silly mapToRegistry uri https://registry.npmjs.org/brace-expansion
554 verbose request uri https://registry.npmjs.org/brace-expansion
555 verbose request no auth needed
556 info attempt registry request try #1 at 9:36:24 PM
557 verbose etag W/"57f1e446-4bb6"
558 verbose lastModified Mon, 03 Oct 2016 04:53:26 GMT
559 http request GET https://registry.npmjs.org/brace-expansion
560 http 304 https://registry.npmjs.org/brace-expansion
561 verbose headers { date: 'Tue, 03 Jan 2017 05:36:13 GMT',
561 verbose headers   via: '1.1 varnish',
561 verbose headers   'cache-control': 'max-age=300',
561 verbose headers   etag: 'W/"57f1e446-4bb6"',
561 verbose headers   age: '178',
561 verbose headers   connection: 'keep-alive',
561 verbose headers   'x-served-by': 'cache-lax8622-LAX',
561 verbose headers   'x-cache': 'HIT',
561 verbose headers   'x-cache-hits': '1',
561 verbose headers   'x-timer': 'S1483421773.698853,VS0,VE0',
561 verbose headers   vary: 'Accept-Encoding' }
562 silly get cb [ 304,
562 silly get   { date: 'Tue, 03 Jan 2017 05:36:13 GMT',
562 silly get     via: '1.1 varnish',
562 silly get     'cache-control': 'max-age=300',
562 silly get     etag: 'W/"57f1e446-4bb6"',
562 silly get     age: '178',
562 silly get     connection: 'keep-alive',
562 silly get     'x-served-by': 'cache-lax8622-LAX',
562 silly get     'x-cache': 'HIT',
562 silly get     'x-cache-hits': '1',
562 silly get     'x-timer': 'S1483421773.698853,VS0,VE0',
562 silly get     vary: 'Accept-Encoding' } ]
563 verbose etag https://registry.npmjs.org/brace-expansion from cache
564 verbose get saving brace-expansion to /Users/jeffwolfram/.npm/registry.npmjs.org/brace-expansion/.cache.json
565 verbose correctMkdir /Users/jeffwolfram/.npm correctMkdir not in flight; initializing
566 silly resolveWithNewModule brace-expansion@1.1.6 checking installable status
567 silly cache add args [ 'brace-expansion@^1.0.0', null ]
568 verbose cache add spec brace-expansion@^1.0.0
569 silly cache add parsed spec Result {
569 silly cache add   raw: 'brace-expansion@^1.0.0',
569 silly cache add   scope: null,
569 silly cache add   escapedName: 'brace-expansion',
569 silly cache add   name: 'brace-expansion',
569 silly cache add   rawSpec: '^1.0.0',
569 silly cache add   spec: '>=1.0.0 <2.0.0',
569 silly cache add   type: 'range' }
570 silly addNamed brace-expansion@>=1.0.0 <2.0.0
571 verbose addNamed ">=1.0.0 <2.0.0" is a valid semver range for brace-expansion
572 silly addNameRange { name: 'brace-expansion',
572 silly addNameRange   range: '>=1.0.0 <2.0.0',
572 silly addNameRange   hasData: false }
573 silly mapToRegistry name brace-expansion
574 silly mapToRegistry using default registry
575 silly mapToRegistry registry https://registry.npmjs.org/
576 silly mapToRegistry data Result {
576 silly mapToRegistry   raw: 'brace-expansion',
576 silly mapToRegistry   scope: null,
576 silly mapToRegistry   escapedName: 'brace-expansion',
576 silly mapToRegistry   name: 'brace-expansion',
576 silly mapToRegistry   rawSpec: '',
576 silly mapToRegistry   spec: 'latest',
576 silly mapToRegistry   type: 'tag' }
577 silly mapToRegistry uri https://registry.npmjs.org/brace-expansion
578 verbose addNameRange registry:https://registry.npmjs.org/brace-expansion not in flight; fetching
579 verbose get https://registry.npmjs.org/brace-expansion not expired, no request
580 silly addNameRange number 2 { name: 'brace-expansion',
580 silly addNameRange   range: '>=1.0.0 <2.0.0',
580 silly addNameRange   hasData: true }
581 silly addNameRange versions [ 'brace-expansion',
581 silly addNameRange   [ '0.0.0',
581 silly addNameRange     '1.0.0',
581 silly addNameRange     '1.0.1',
581 silly addNameRange     '1.1.0',
581 silly addNameRange     '1.1.1',
581 silly addNameRange     '1.1.2',
581 silly addNameRange     '1.1.3',
581 silly addNameRange     '1.1.4',
581 silly addNameRange     '1.1.5',
581 silly addNameRange     '1.1.6' ] ]
582 silly addNamed brace-expansion@1.1.6
583 verbose addNamed "1.1.6" is a plain semver version for brace-expansion
584 silly cache afterAdd brace-expansion@1.1.6
585 verbose afterAdd /Users/jeffwolfram/.npm/brace-expansion/1.1.6/package/package.json not in flight; writing
586 verbose correctMkdir /Users/jeffwolfram/.npm correctMkdir not in flight; initializing
587 verbose afterAdd /Users/jeffwolfram/.npm/brace-expansion/1.1.6/package/package.json written
588 silly fetchNamedPackageData balanced-match
589 silly mapToRegistry name balanced-match
590 silly mapToRegistry using default registry
591 silly mapToRegistry registry https://registry.npmjs.org/
592 silly mapToRegistry data Result {
592 silly mapToRegistry   raw: 'balanced-match',
592 silly mapToRegistry   scope: null,
592 silly mapToRegistry   escapedName: 'balanced-match',
592 silly mapToRegistry   name: 'balanced-match',
592 silly mapToRegistry   rawSpec: '',
592 silly mapToRegistry   spec: 'latest',
592 silly mapToRegistry   type: 'tag' }
593 silly mapToRegistry uri https://registry.npmjs.org/balanced-match
594 silly fetchNamedPackageData concat-map
595 silly mapToRegistry name concat-map
596 silly mapToRegistry using default registry
597 silly mapToRegistry registry https://registry.npmjs.org/
598 silly mapToRegistry data Result {
598 silly mapToRegistry   raw: 'concat-map',
598 silly mapToRegistry   scope: null,
598 silly mapToRegistry   escapedName: 'concat-map',
598 silly mapToRegistry   name: 'concat-map',
598 silly mapToRegistry   rawSpec: '',
598 silly mapToRegistry   spec: 'latest',
598 silly mapToRegistry   type: 'tag' }
599 silly mapToRegistry uri https://registry.npmjs.org/concat-map
600 verbose request uri https://registry.npmjs.org/balanced-match
601 verbose request no auth needed
602 info attempt registry request try #1 at 9:36:24 PM
603 verbose etag W/"57f03d63-4124"
604 verbose lastModified Sat, 01 Oct 2016 22:49:07 GMT
605 http request GET https://registry.npmjs.org/balanced-match
606 verbose request uri https://registry.npmjs.org/concat-map
607 verbose request no auth needed
608 info attempt registry request try #1 at 9:36:24 PM
609 verbose etag W/"52e9c1bb-f3a"
610 verbose lastModified Thu, 30 Jan 2014 03:06:35 GMT
611 http request GET https://registry.npmjs.org/concat-map
612 http 304 https://registry.npmjs.org/balanced-match
613 verbose headers { date: 'Tue, 03 Jan 2017 05:36:13 GMT',
613 verbose headers   via: '1.1 varnish',
613 verbose headers   'cache-control': 'max-age=300',
613 verbose headers   etag: 'W/"57f03d63-4124"',
613 verbose headers   age: '210',
613 verbose headers   connection: 'keep-alive',
613 verbose headers   'x-served-by': 'cache-lax8646-LAX',
613 verbose headers   'x-cache': 'HIT',
613 verbose headers   'x-cache-hits': '1',
613 verbose headers   'x-timer': 'S1483421773.725673,VS0,VE0',
613 verbose headers   vary: 'Accept-Encoding' }
614 silly get cb [ 304,
614 silly get   { date: 'Tue, 03 Jan 2017 05:36:13 GMT',
614 silly get     via: '1.1 varnish',
614 silly get     'cache-control': 'max-age=300',
614 silly get     etag: 'W/"57f03d63-4124"',
614 silly get     age: '210',
614 silly get     connection: 'keep-alive',
614 silly get     'x-served-by': 'cache-lax8646-LAX',
614 silly get     'x-cache': 'HIT',
614 silly get     'x-cache-hits': '1',
614 silly get     'x-timer': 'S1483421773.725673,VS0,VE0',
614 silly get     vary: 'Accept-Encoding' } ]
615 verbose etag https://registry.npmjs.org/balanced-match from cache
616 verbose get saving balanced-match to /Users/jeffwolfram/.npm/registry.npmjs.org/balanced-match/.cache.json
617 verbose correctMkdir /Users/jeffwolfram/.npm correctMkdir not in flight; initializing
618 http 304 https://registry.npmjs.org/concat-map
619 verbose headers { date: 'Tue, 03 Jan 2017 05:36:13 GMT',
619 verbose headers   via: '1.1 varnish',
619 verbose headers   'cache-control': 'max-age=300',
619 verbose headers   etag: 'W/"52e9c1bb-f3a"',
619 verbose headers   age: '96',
619 verbose headers   connection: 'keep-alive',
619 verbose headers   'x-served-by': 'cache-lax8633-LAX',
619 verbose headers   'x-cache': 'HIT',
619 verbose headers   'x-cache-hits': '1',
619 verbose headers   'x-timer': 'S1483421773.728458,VS0,VE0',
619 verbose headers   vary: 'Accept-Encoding' }
620 silly get cb [ 304,
620 silly get   { date: 'Tue, 03 Jan 2017 05:36:13 GMT',
620 silly get     via: '1.1 varnish',
620 silly get     'cache-control': 'max-age=300',
620 silly get     etag: 'W/"52e9c1bb-f3a"',
620 silly get     age: '96',
620 silly get     connection: 'keep-alive',
620 silly get     'x-served-by': 'cache-lax8633-LAX',
620 silly get     'x-cache': 'HIT',
620 silly get     'x-cache-hits': '1',
620 silly get     'x-timer': 'S1483421773.728458,VS0,VE0',
620 silly get     vary: 'Accept-Encoding' } ]
621 verbose etag https://registry.npmjs.org/concat-map from cache
622 verbose get saving concat-map to /Users/jeffwolfram/.npm/registry.npmjs.org/concat-map/.cache.json
623 verbose correctMkdir /Users/jeffwolfram/.npm correctMkdir not in flight; initializing
624 silly resolveWithNewModule balanced-match@0.4.2 checking installable status
625 silly cache add args [ 'balanced-match@^0.4.1', null ]
626 verbose cache add spec balanced-match@^0.4.1
627 silly cache add parsed spec Result {
627 silly cache add   raw: 'balanced-match@^0.4.1',
627 silly cache add   scope: null,
627 silly cache add   escapedName: 'balanced-match',
627 silly cache add   name: 'balanced-match',
627 silly cache add   rawSpec: '^0.4.1',
627 silly cache add   spec: '>=0.4.1 <0.5.0',
627 silly cache add   type: 'range' }
628 silly addNamed balanced-match@>=0.4.1 <0.5.0
629 verbose addNamed ">=0.4.1 <0.5.0" is a valid semver range for balanced-match
630 silly addNameRange { name: 'balanced-match',
630 silly addNameRange   range: '>=0.4.1 <0.5.0',
630 silly addNameRange   hasData: false }
631 silly mapToRegistry name balanced-match
632 silly mapToRegistry using default registry
633 silly mapToRegistry registry https://registry.npmjs.org/
634 silly mapToRegistry data Result {
634 silly mapToRegistry   raw: 'balanced-match',
634 silly mapToRegistry   scope: null,
634 silly mapToRegistry   escapedName: 'balanced-match',
634 silly mapToRegistry   name: 'balanced-match',
634 silly mapToRegistry   rawSpec: '',
634 silly mapToRegistry   spec: 'latest',
634 silly mapToRegistry   type: 'tag' }
635 silly mapToRegistry uri https://registry.npmjs.org/balanced-match
636 verbose addNameRange registry:https://registry.npmjs.org/balanced-match not in flight; fetching
637 silly resolveWithNewModule concat-map@0.0.1 checking installable status
638 silly cache add args [ 'concat-map@0.0.1', null ]
639 verbose cache add spec concat-map@0.0.1
640 silly cache add parsed spec Result {
640 silly cache add   raw: 'concat-map@0.0.1',
640 silly cache add   scope: null,
640 silly cache add   escapedName: 'concat-map',
640 silly cache add   name: 'concat-map',
640 silly cache add   rawSpec: '0.0.1',
640 silly cache add   spec: '0.0.1',
640 silly cache add   type: 'version' }
641 silly addNamed concat-map@0.0.1
642 verbose addNamed "0.0.1" is a plain semver version for concat-map
643 silly mapToRegistry name concat-map
644 silly mapToRegistry using default registry
645 silly mapToRegistry registry https://registry.npmjs.org/
646 silly mapToRegistry data Result {
646 silly mapToRegistry   raw: 'concat-map',
646 silly mapToRegistry   scope: null,
646 silly mapToRegistry   escapedName: 'concat-map',
646 silly mapToRegistry   name: 'concat-map',
646 silly mapToRegistry   rawSpec: '',
646 silly mapToRegistry   spec: 'latest',
646 silly mapToRegistry   type: 'tag' }
647 silly mapToRegistry uri https://registry.npmjs.org/concat-map
648 verbose addNameVersion registry:https://registry.npmjs.org/concat-map not in flight; fetching
649 verbose get https://registry.npmjs.org/balanced-match not expired, no request
650 silly addNameRange number 2 { name: 'balanced-match',
650 silly addNameRange   range: '>=0.4.1 <0.5.0',
650 silly addNameRange   hasData: true }
651 silly addNameRange versions [ 'balanced-match',
651 silly addNameRange   [ '0.0.0',
651 silly addNameRange     '0.0.1',
651 silly addNameRange     '0.1.0',
651 silly addNameRange     '0.2.0',
651 silly addNameRange     '0.2.1',
651 silly addNameRange     '0.3.0',
651 silly addNameRange     '0.4.0',
651 silly addNameRange     '0.4.1',
651 silly addNameRange     '0.4.2' ] ]
652 silly addNamed balanced-match@0.4.2
653 verbose addNamed "0.4.2" is a plain semver version for balanced-match
654 verbose get https://registry.npmjs.org/concat-map not expired, no request
655 silly cache afterAdd balanced-match@0.4.2
656 verbose afterAdd /Users/jeffwolfram/.npm/balanced-match/0.4.2/package/package.json not in flight; writing
657 verbose correctMkdir /Users/jeffwolfram/.npm correctMkdir not in flight; initializing
658 silly cache afterAdd concat-map@0.0.1
659 verbose afterAdd /Users/jeffwolfram/.npm/concat-map/0.0.1/package/package.json not in flight; writing
660 verbose correctMkdir /Users/jeffwolfram/.npm correctMkdir not in flight; initializing
661 verbose afterAdd /Users/jeffwolfram/.npm/balanced-match/0.4.2/package/package.json written
662 verbose afterAdd /Users/jeffwolfram/.npm/concat-map/0.0.1/package/package.json written
663 silly fetchNamedPackageData abbrev
664 silly mapToRegistry name abbrev
665 silly mapToRegistry using default registry
666 silly mapToRegistry registry https://registry.npmjs.org/
667 silly mapToRegistry data Result {
667 silly mapToRegistry   raw: 'abbrev',
667 silly mapToRegistry   scope: null,
667 silly mapToRegistry   escapedName: 'abbrev',
667 silly mapToRegistry   name: 'abbrev',
667 silly mapToRegistry   rawSpec: '',
667 silly mapToRegistry   spec: 'latest',
667 silly mapToRegistry   type: 'tag' }
668 silly mapToRegistry uri https://registry.npmjs.org/abbrev
669 verbose request uri https://registry.npmjs.org/abbrev
670 verbose request no auth needed
671 info attempt registry request try #1 at 9:36:24 PM
672 verbose etag W/"580d2ad6-19a5"
673 verbose lastModified Sun, 23 Oct 2016 21:25:42 GMT
674 http request GET https://registry.npmjs.org/abbrev
675 http 304 https://registry.npmjs.org/abbrev
676 verbose headers { date: 'Tue, 03 Jan 2017 05:36:13 GMT',
676 verbose headers   via: '1.1 varnish',
676 verbose headers   'cache-control': 'max-age=300',
676 verbose headers   etag: 'W/"580d2ad6-19a5"',
676 verbose headers   age: '218',
676 verbose headers   connection: 'keep-alive',
676 verbose headers   'x-served-by': 'cache-lax8643-LAX',
676 verbose headers   'x-cache': 'HIT',
676 verbose headers   'x-cache-hits': '1',
676 verbose headers   'x-timer': 'S1483421773.758766,VS0,VE0',
676 verbose headers   vary: 'Accept-Encoding' }
677 silly get cb [ 304,
677 silly get   { date: 'Tue, 03 Jan 2017 05:36:13 GMT',
677 silly get     via: '1.1 varnish',
677 silly get     'cache-control': 'max-age=300',
677 silly get     etag: 'W/"580d2ad6-19a5"',
677 silly get     age: '218',
677 silly get     connection: 'keep-alive',
677 silly get     'x-served-by': 'cache-lax8643-LAX',
677 silly get     'x-cache': 'HIT',
677 silly get     'x-cache-hits': '1',
677 silly get     'x-timer': 'S1483421773.758766,VS0,VE0',
677 silly get     vary: 'Accept-Encoding' } ]
678 verbose etag https://registry.npmjs.org/abbrev from cache
679 verbose get saving abbrev to /Users/jeffwolfram/.npm/registry.npmjs.org/abbrev/.cache.json
680 verbose correctMkdir /Users/jeffwolfram/.npm correctMkdir not in flight; initializing
681 silly resolveWithNewModule abbrev@1.0.9 checking installable status
682 silly cache add args [ 'abbrev@1', null ]
683 verbose cache add spec abbrev@1
684 silly cache add parsed spec Result {
684 silly cache add   raw: 'abbrev@1',
684 silly cache add   scope: null,
684 silly cache add   escapedName: 'abbrev',
684 silly cache add   name: 'abbrev',
684 silly cache add   rawSpec: '1',
684 silly cache add   spec: '>=1.0.0 <2.0.0',
684 silly cache add   type: 'range' }
685 silly addNamed abbrev@>=1.0.0 <2.0.0
686 verbose addNamed ">=1.0.0 <2.0.0" is a valid semver range for abbrev
687 silly addNameRange { name: 'abbrev', range: '>=1.0.0 <2.0.0', hasData: false }
688 silly mapToRegistry name abbrev
689 silly mapToRegistry using default registry
690 silly mapToRegistry registry https://registry.npmjs.org/
691 silly mapToRegistry data Result {
691 silly mapToRegistry   raw: 'abbrev',
691 silly mapToRegistry   scope: null,
691 silly mapToRegistry   escapedName: 'abbrev',
691 silly mapToRegistry   name: 'abbrev',
691 silly mapToRegistry   rawSpec: '',
691 silly mapToRegistry   spec: 'latest',
691 silly mapToRegistry   type: 'tag' }
692 silly mapToRegistry uri https://registry.npmjs.org/abbrev
693 verbose addNameRange registry:https://registry.npmjs.org/abbrev not in flight; fetching
694 verbose get https://registry.npmjs.org/abbrev not expired, no request
695 silly addNameRange number 2 { name: 'abbrev', range: '>=1.0.0 <2.0.0', hasData: true }
696 silly addNameRange versions [ 'abbrev',
696 silly addNameRange   [ '1.0.3', '1.0.4', '1.0.5', '1.0.6', '1.0.7', '1.0.9' ] ]
697 silly addNamed abbrev@1.0.9
698 verbose addNamed "1.0.9" is a plain semver version for abbrev
699 silly cache afterAdd abbrev@1.0.9
700 verbose afterAdd /Users/jeffwolfram/.npm/abbrev/1.0.9/package/package.json not in flight; writing
701 verbose correctMkdir /Users/jeffwolfram/.npm correctMkdir not in flight; initializing
702 verbose afterAdd /Users/jeffwolfram/.npm/abbrev/1.0.9/package/package.json written
703 silly loadAllDepsIntoIdealTree Finishing
704 silly loadIdealTree Finishing
705 silly currentTree lib
705 silly currentTree  grunt-cli@1.2.0
705 silly currentTree    abbrev@1.0.9
705 silly currentTree    balanced-match@0.4.2
705 silly currentTree    brace-expansion@1.1.6
705 silly currentTree    concat-map@0.0.1
705 silly currentTree    findup-sync@0.3.0
705 silly currentTree    glob@5.0.15
705 silly currentTree    grunt-known-options@1.1.0
705 silly currentTree    inflight@1.0.6
705 silly currentTree    inherits@2.0.3
705 silly currentTree    minimatch@3.0.3
705 silly currentTree    nopt@3.0.6
705 silly currentTree    once@1.4.0
705 silly currentTree    path-is-absolute@1.0.1
705 silly currentTree    resolve@1.1.7
705 silly currentTree    wrappy@1.0.2
706 silly idealTree lib
706 silly idealTree  bower@1.8.0
706 silly idealTree  grunt-cli@1.2.0
706 silly idealTree    abbrev@1.0.9
706 silly idealTree    balanced-match@0.4.2
706 silly idealTree    brace-expansion@1.1.6
706 silly idealTree    concat-map@0.0.1
706 silly idealTree    findup-sync@0.3.0
706 silly idealTree    glob@5.0.15
706 silly idealTree    grunt-known-options@1.1.0
706 silly idealTree    inflight@1.0.6
706 silly idealTree    inherits@2.0.3
706 silly idealTree    minimatch@3.0.3
706 silly idealTree    nopt@3.0.6
706 silly idealTree    once@1.4.0
706 silly idealTree    path-is-absolute@1.0.1
706 silly idealTree    resolve@1.1.7
706 silly idealTree    wrappy@1.0.2
707 silly generateActionsToTake Starting
708 silly install generateActionsToTake
709 warn checkPermissions Missing write access to /usr/local/lib/node_modules/grunt-cli
710 warn checkPermissions Missing write access to /usr/local/lib/node_modules
711 silly rollbackFailedOptional Starting
712 silly rollbackFailedOptional Finishing
713 silly runTopLevelLifecycles Finishing
714 silly install printInstalled
715 verbose stack Error: EACCES: permission denied, access '/usr/local/lib/node_modules/grunt-cli'
715 verbose stack     at Error (native)
716 verbose cwd /Users/jeffwolfram/Desktop/bloc-chat
717 error Darwin 16.3.0
718 error argv "/usr/local/bin/node" "/usr/local/bin/npm" "install" "-g" "bower" "grunt-cli"
719 error node v6.9.1
720 error npm  v3.10.8
721 error path /usr/local/lib/node_modules/grunt-cli
722 error code EACCES
723 error errno -13
724 error syscall access
725 error Error: EACCES: permission denied, access '/usr/local/lib/node_modules/grunt-cli'
725 error     at Error (native)
725 error  { Error: EACCES: permission denied, access '/usr/local/lib/node_modules/grunt-cli'
725 error     at Error (native)
725 error   errno: -13,
725 error   code: 'EACCES',
725 error   syscall: 'access',
725 error   path: '/usr/local/lib/node_modules/grunt-cli' }
726 error Please try running this command again as root/Administrator.
727 verbose exit [ -13, true ]
